2022-09-27:18:49:31,606 INFO     [psi4.driver.task_planner:266] PLANNING Atomic:  keywords={'SCF__INTS_TOLERANCE': 1e-12, 'function_kwargs': {}}
2022-09-27:18:49:31,632 INFO     [psi4.driver.driver:617] Compute gradient(): method=scf, basis=cc-pvdz, molecule=default, nre=224.9105278769738
2022-09-27:18:49:33,331 INFO     [psi4.driver.driver:620] Return gradient(): -230.47781611753555
2022-09-27:18:49:33,332 INFO     [psi4.driver.driver:621] [[ 0.02152641  0.00240605  0.00331074]
 [ 0.19139203 -0.32505085 -0.13457941]
 [-0.29970338  0.17568105  0.05295043]
 [-0.09369206  0.16140295  0.06695957]
 [-0.04567398  0.31728867  0.14559469]
 [ 0.22969778 -0.33584601 -0.13582785]
 [ 0.02420258 -0.03300789 -0.01318555]
 [-0.01757981 -0.03660751 -0.01910146]
 [-0.05025478  0.00591091 -0.00226848]
 [-0.02462152  0.03500968  0.01409108]
 [ 0.01853404  0.03954472  0.02058845]
 [ 0.0461727  -0.00673177  0.00146778]]
2022-09-27:18:49:33,367 INFO     [psi4.driver.task_planner:266] PLANNING Atomic:  keywords={'CART_HESS_READ': 0, 'SCF__GUESS': 'READ', 'SCF__INTS_TOLERANCE': 1e-12, 'function_kwargs': {}}
2022-09-27:18:49:33,369 INFO     [psi4.driver.driver:617] Compute gradient(): method=scf, basis=cc-pvdz, molecule=default, nre=210.79070840247704
2022-09-27:18:49:34,870 INFO     [psi4.driver.driver:620] Return gradient(): -230.69505429359532
2022-09-27:18:49:34,870 INFO     [psi4.driver.driver:621] [[-0.00566019  0.01963105  0.00872359]
 [ 0.0670161  -0.07386687 -0.02821271]
 [-0.08710295  0.03802098  0.00921902]
 [-0.01293169  0.03251073  0.01408467]
 [-0.00855223  0.08099195  0.03747882]
 [ 0.04642821 -0.09630825 -0.04091058]
 [ 0.00968933 -0.01368583 -0.00550193]
 [-0.0086573  -0.01374335 -0.00737848]
 [-0.01720893  0.00016883 -0.00165514]
 [-0.00902907  0.01319953  0.00533834]
 [ 0.00834795  0.01361029  0.00728465]
 [ 0.01766076 -0.00052906  0.00152976]]
2022-09-27:18:49:34,902 INFO     [psi4.driver.task_planner:266] PLANNING Atomic:  keywords={'CART_HESS_READ': 0, 'SCF__GUESS': 'READ', 'SCF__INTS_TOLERANCE': 1e-12, 'function_kwargs': {}}
2022-09-27:18:49:34,903 INFO     [psi4.driver.driver:617] Compute gradient(): method=scf, basis=cc-pvdz, molecule=default, nre=206.74431207801314
2022-09-27:18:49:36,381 INFO     [psi4.driver.driver:620] Return gradient(): -230.71770047797082
2022-09-27:18:49:36,381 INFO     [psi4.driver.driver:621] [[ 0.00013811  0.00199186  0.00095759]
 [ 0.02487387 -0.0330483  -0.01313791]
 [-0.03362347  0.01944915  0.00581838]
 [-0.00453347  0.01349785  0.00593154]
 [-0.01018515  0.03691974  0.01645078]
 [ 0.02365609 -0.03935629 -0.01624597]
 [ 0.00116356 -0.00229536 -0.00096942]
 [-0.00079539 -0.00204723 -0.00104918]
 [-0.00156323  0.00064974  0.00014988]
 [-0.00151474  0.00258196  0.00106962]
 [ 0.00011141  0.00187221  0.00089766]
 [ 0.00227243 -0.00021531  0.00012703]]
2022-09-27:18:49:36,412 INFO     [psi4.driver.task_planner:266] PLANNING Atomic:  keywords={'CART_HESS_READ': 0, 'SCF__GUESS': 'READ', 'SCF__INTS_TOLERANCE': 1e-12, 'function_kwargs': {}}
2022-09-27:18:49:36,413 INFO     [psi4.driver.driver:617] Compute gradient(): method=scf, basis=cc-pvdz, molecule=default, nre=205.32677789388316
2022-09-27:18:49:37,891 INFO     [psi4.driver.driver:620] Return gradient(): -230.7210988186822
2022-09-27:18:49:37,891 INFO     [psi4.driver.driver:621] [[ 0.00055863  0.00034146  0.00021816]
 [ 0.0095296  -0.01518598 -0.00622837]
 [-0.01350002  0.01056915  0.00364264]
 [-0.00066838  0.00435763  0.00199512]
 [-0.00798812  0.01735711  0.00741134]
 [ 0.01221272 -0.01759478 -0.00709792]
 [ 0.00019356 -0.00034609 -0.00014437]
 [-0.0001964  -0.00023576 -0.00013134]
 [-0.00038156  0.00007111 -0.00000485]
 [-0.00027467  0.00037478  0.00014975]
 [ 0.00015893  0.00024598  0.00013254]
 [ 0.00035573  0.00004537  0.00005729]]
2022-09-27:18:49:37,918 INFO     [psi4.driver.task_planner:266] PLANNING Atomic:  keywords={'CART_HESS_READ': 0, 'SCF__GUESS': 'READ', 'SCF__INTS_TOLERANCE': 1e-12, 'function_kwargs': {}}
2022-09-27:18:49:37,919 INFO     [psi4.driver.driver:617] Compute gradient(): method=scf, basis=cc-pvdz, molecule=default, nre=204.48099784286478
2022-09-27:18:49:39,364 INFO     [psi4.driver.driver:620] Return gradient(): -230.72186768796578
2022-09-27:18:49:39,364 INFO     [psi4.driver.driver:621] [[ 0.00028547  0.00016923  0.00010902]
 [ 0.00180199 -0.00357384 -0.00151019]
 [-0.00212875  0.00389083  0.00162724]
 [ 0.00124105 -0.00051042 -0.00011654]
 [-0.00482614  0.00509238  0.00192422]
 [ 0.00361808 -0.00503529 -0.002019  ]
 [-0.00000238  0.00008879  0.0000418 ]
 [ 0.00002256  0.00020995  0.00010167]
 [-0.00005863 -0.00012249 -0.00006389]
 [ 0.0000305  -0.00014706 -0.00006654]
 [ 0.00020021 -0.00012544 -0.0000392 ]
 [-0.00018398  0.00006335  0.00001141]]
2022-09-27:18:49:39,390 INFO     [psi4.driver.task_planner:266] PLANNING Atomic:  keywords={'CART_HESS_READ': 0, 'SCF__GUESS': 'READ', 'SCF__INTS_TOLERANCE': 1e-12, 'function_kwargs': {}}
2022-09-27:18:49:39,391 INFO     [psi4.driver.driver:617] Compute gradient(): method=scf, basis=cc-pvdz, molecule=default, nre=204.3115576840302
2022-09-27:18:49:40,836 INFO     [psi4.driver.driver:620] Return gradient(): -230.72191978005185
2022-09-27:18:49:40,837 INFO     [psi4.driver.driver:621] [[ 0.00014635  0.00011864  0.00007064]
 [ 0.00003013 -0.0003064  -0.00014211]
 [ 0.00027339  0.0009667   0.00048565]
 [ 0.0009608  -0.00071177 -0.00024046]
 [-0.0022794   0.00141079  0.00043785]
 [ 0.00084686 -0.00145175 -0.0006014 ]
 [-0.00000466  0.00001113  0.00000473]
 [ 0.00002537  0.00005671  0.00002946]
 [ 0.00001516 -0.00005326 -0.00002374]
 [-0.00001635 -0.00000575 -0.00000432]
 [ 0.00007547 -0.00006139 -0.0000214 ]
 [-0.00007312  0.00002635  0.00000511]]
2022-09-27:18:49:40,866 INFO     [psi4.driver.task_planner:266] PLANNING Atomic:  keywords={'CART_HESS_READ': 0, 'SCF__GUESS': 'READ', 'SCF__INTS_TOLERANCE': 1e-12, 'function_kwargs': {}}
2022-09-27:18:49:40,868 INFO     [psi4.driver.driver:617] Compute gradient(): method=scf, basis=cc-pvdz, molecule=default, nre=204.3093180602044
2022-09-27:18:49:42,278 INFO     [psi4.driver.driver:620] Return gradient(): -230.72192480806626
2022-09-27:18:49:42,278 INFO     [psi4.driver.driver:621] [[ 0.00012228  0.00008199  0.00005132]
 [-0.00027081  0.00026403  0.00009756]
 [ 0.00027367 -0.00006056 -0.00000101]
 [ 0.00048152 -0.00023659 -0.00006344]
 [-0.00088255  0.00048886  0.00014248]
 [ 0.00026676 -0.00053031 -0.00022428]
 [-0.00000259 -0.00000161 -0.00000104]
 [-0.00000497  0.0000016   0.00000025]
 [ 0.00000195 -0.00001587 -0.00000732]
 [-0.00001858  0.0000106   0.00000312]
 [ 0.00003319 -0.00002306 -0.00000756]
 [ 0.00000014  0.00002091  0.00000992]]
2022-09-27:18:49:42,304 INFO     [psi4.driver.task_planner:266] PLANNING Atomic:  keywords={'CART_HESS_READ': 0, 'SCF__GUESS': 'READ', 'SCF__INTS_TOLERANCE': 1e-12, 'function_kwargs': {}}
2022-09-27:18:49:42,306 INFO     [psi4.driver.driver:617] Compute gradient(): method=scf, basis=cc-pvdz, molecule=default, nre=204.319590121201
2022-09-27:18:49:43,703 INFO     [psi4.driver.driver:620] Return gradient(): -230.72192566813862
2022-09-27:18:49:43,703 INFO     [psi4.driver.driver:621] [[ 0.00008785  0.00004555  0.00002912]
 [-0.00022466  0.00027172  0.00010661]
 [ 0.00009422 -0.00037051 -0.00016581]
 [ 0.00015382  0.00009948  0.00006218]
 [-0.00019131  0.00016659  0.00005927]
 [ 0.00007931 -0.00021399 -0.00009225]
 [-0.00000309 -0.00000538 -0.00000281]
 [ 0.00000188 -0.00001101 -0.00000494]
 [-0.00000162  0.00000702  0.00000312]
 [-0.0000066   0.00000495  0.00000183]
 [ 0.00000351 -0.00000033  0.00000021]
 [ 0.0000067   0.00000591  0.00000348]]
2022-09-27:18:54:52,380 INFO     [psi4.driver.task_planner:266] PLANNING Atomic:  keywords={'SCF__INTS_TOLERANCE': 1e-12, 'function_kwargs': {}}
2022-09-27:18:54:52,384 INFO     [psi4.driver.driver:499] Compute energy(): method=scf, basis=cc-pvdz, molecule=default, nre=416.91814434615196
2022-09-27:18:54:54,475 INFO     [psi4.driver.driver:502] Return energy(): -434.2111965385402
2022-09-27:19:02:12,474 INFO     [psi4.driver.task_planner:266] PLANNING Atomic:  keywords={'SCF__INTS_TOLERANCE': 1e-12, 'SCF__MAXITER': 500, 'function_kwargs': {}}
2022-09-27:19:02:12,479 INFO     [psi4.driver.driver:617] Compute gradient(): method=scf, basis=cc-pvdz, molecule=default, nre=204.31959012120103
2022-09-27:19:02:14,139 INFO     [psi4.driver.driver:620] Return gradient(): -230.7219256680615
2022-09-27:19:02:14,139 INFO     [psi4.driver.driver:621] [[ 0.00008794  0.00004563  0.00002916]
 [-0.00022474  0.00027179  0.00010664]
 [ 0.00009422 -0.0003706  -0.00016585]
 [ 0.0001539   0.0000995   0.00006219]
 [-0.00019139  0.0001666   0.00005927]
 [ 0.0000793  -0.0002141  -0.0000923 ]
 [-0.0000031  -0.00000538 -0.00000281]
 [ 0.00000187 -0.00001101 -0.00000495]
 [-0.00000161  0.00000702  0.00000312]
 [-0.00000659  0.00000495  0.00000183]
 [ 0.0000035  -0.00000032  0.00000021]
 [ 0.00000669  0.00000591  0.00000348]]
2022-09-27:23:31:40,848 INFO     [psi4.driver.task_planner:266] PLANNING Atomic:  keywords={'GEOM_MAXITER': 100, 'SCF__INTS_TOLERANCE': 1e-12, 'SCF__MAXITER': 500, 'function_kwargs': {}}
2022-09-27:23:31:40,856 INFO     [psi4.driver.driver:617] Compute gradient(): method=scf, basis=cc-pvdz, molecule=default, nre=204.31959012120103
2022-09-27:23:31:42,630 INFO     [psi4.driver.driver:620] Return gradient(): -230.72192566810844
2022-09-27:23:31:42,631 INFO     [psi4.driver.driver:621] [[ 0.00008794  0.00004563  0.00002916]
 [-0.00022474  0.00027179  0.00010664]
 [ 0.00009422 -0.0003706  -0.00016585]
 [ 0.0001539   0.00009951  0.0000622 ]
 [-0.00019139  0.0001666   0.00005927]
 [ 0.0000793  -0.00021409 -0.0000923 ]
 [-0.00000309 -0.00000538 -0.00000281]
 [ 0.00000187 -0.00001101 -0.00000495]
 [-0.00000162  0.00000702  0.00000312]
 [-0.00000659  0.00000495  0.00000183]
 [ 0.0000035  -0.00000032  0.00000021]
 [ 0.00000669  0.00000591  0.00000348]]
2022-09-27:23:32:22,718 INFO     [psi4.driver.task_planner:266] PLANNING Atomic:  keywords={'GEOM_MAXITER': 100, 'SCF__INTS_TOLERANCE': 1e-12, 'SCF__MAXITER': 500, 'function_kwargs': {}}
2022-09-27:23:32:22,722 INFO     [psi4.driver.driver:617] Compute gradient(): method=scf, basis=cc-pvdz, molecule=default, nre=204.31959012120103
2022-09-27:23:32:24,346 INFO     [psi4.driver.driver:620] Return gradient(): -230.72192566808224
2022-09-27:23:32:24,346 INFO     [psi4.driver.driver:621] [[ 0.00008794  0.00004563  0.00002916]
 [-0.00022474  0.00027179  0.00010664]
 [ 0.00009422 -0.0003706  -0.00016585]
 [ 0.0001539   0.0000995   0.0000622 ]
 [-0.00019139  0.0001666   0.00005927]
 [ 0.00007929 -0.0002141  -0.0000923 ]
 [-0.00000309 -0.00000538 -0.00000281]
 [ 0.00000187 -0.00001101 -0.00000495]
 [-0.00000161  0.00000702  0.00000312]
 [-0.00000659  0.00000496  0.00000183]
 [ 0.0000035  -0.00000032  0.00000021]
 [ 0.0000067   0.00000591  0.00000348]]
2022-09-27:23:39:55,389 INFO     [psi4.driver.task_planner:266] PLANNING Atomic:  keywords={'GEOM_MAXITER': 100, 'SCF__INTS_TOLERANCE': 1e-12, 'SCF__MAXITER': 500, 'function_kwargs': {}}
2022-09-27:23:39:55,396 INFO     [psi4.driver.driver:617] Compute gradient(): method=scf, basis=cc-pvdz, molecule=default, nre=204.31959012120103
2022-09-27:23:39:57,79 INFO     [psi4.driver.driver:620] Return gradient(): -230.72192566829398
2022-09-27:23:39:57,79 INFO     [psi4.driver.driver:621] [[ 0.00008794  0.00004563  0.00002916]
 [-0.00022474  0.00027179  0.00010664]
 [ 0.00009422 -0.0003706  -0.00016585]
 [ 0.0001539   0.0000995   0.0000622 ]
 [-0.00019139  0.0001666   0.00005927]
 [ 0.0000793  -0.0002141  -0.0000923 ]
 [-0.00000309 -0.00000538 -0.00000281]
 [ 0.00000187 -0.00001102 -0.00000495]
 [-0.00000162  0.00000702  0.00000312]
 [-0.0000066   0.00000496  0.00000184]
 [ 0.00000351 -0.00000031  0.00000021]
 [ 0.0000067   0.00000591  0.00000348]]
2022-09-27:23:41:09,349 INFO     [psi4.driver.task_planner:266] PLANNING Atomic:  keywords={'GEOM_MAXITER': 100, 'SCF__INTS_TOLERANCE': 1e-12, 'SCF__MAXITER': 500, 'function_kwargs': {}}
2022-09-27:23:41:09,355 INFO     [psi4.driver.driver:499] Compute energy(): method=scf, basis=cc-pvdz, molecule=default, nre=416.91814434615196
2022-09-27:23:41:11,458 INFO     [psi4.driver.driver:502] Return energy(): -434.2111965385406
2022-09-27:23:41:21,972 INFO     [psi4.driver.task_planner:266] PLANNING Atomic:  keywords={'GEOM_MAXITER': 100, 'SCF__INTS_TOLERANCE': 1e-12, 'SCF__MAXITER': 500, 'function_kwargs': {}}
2022-09-27:23:41:21,979 INFO     [psi4.driver.driver:617] Compute gradient(): method=scf, basis=cc-pvdz, molecule=default, nre=204.31959012120103
2022-09-27:23:41:23,602 INFO     [psi4.driver.driver:620] Return gradient(): -230.72192566820388
2022-09-27:23:41:23,602 INFO     [psi4.driver.driver:621] [[ 0.00008794  0.00004563  0.00002916]
 [-0.00022474  0.00027179  0.00010664]
 [ 0.00009422 -0.0003706  -0.00016585]
 [ 0.0001539   0.0000995   0.00006219]
 [-0.00019139  0.0001666   0.00005927]
 [ 0.0000793  -0.0002141  -0.0000923 ]
 [-0.00000309 -0.00000538 -0.00000281]
 [ 0.00000187 -0.00001101 -0.00000495]
 [-0.00000161  0.00000702  0.00000312]
 [-0.00000659  0.00000496  0.00000183]
 [ 0.0000035  -0.00000032  0.00000021]
 [ 0.00000669  0.00000591  0.00000348]]
2022-09-27:23:43:46,827 INFO     [psi4.driver.task_planner:266] PLANNING Atomic:  keywords={'GEOM_MAXITER': 100, 'SCF__INTS_TOLERANCE': 1e-12, 'SCF__MAXITER': 500, 'function_kwargs': {}}
2022-09-27:23:43:46,833 INFO     [psi4.driver.driver:617] Compute gradient(): method=scf, basis=cc-pvdz, molecule=default, nre=416.91814434615196
2022-09-27:23:43:50,707 INFO     [psi4.driver.driver:620] Return gradient(): -434.21119654554775
2022-09-27:23:43:50,708 INFO     [psi4.driver.driver:621] [[-0.00008576 -0.00003109  0.00001754]
 [ 0.00009111 -0.00004243 -0.00000575]
 [ 0.00000311  0.0000733   0.00003295]
 [-0.00007755 -0.00001482 -0.00001308]
 [ 0.00006181 -0.00002812 -0.00000926]
 [-0.00001074  0.00002085  0.00001392]
 [ 0.00015159  0.00005741 -0.00013155]
 [ 0.00000268 -0.00002678  0.00005042]
 [-0.00013315 -0.00001122  0.00004416]
 [-0.00000614  0.00001153  0.00000549]
 [-0.00001985 -0.00001298 -0.0000089 ]
 [ 0.00000744  0.00000229  0.00000157]
 [ 0.00001182  0.00000551  0.00000308]
 [ 0.00000364 -0.00000344 -0.00000059]]
2022-09-27:23:43:50,749 INFO     [psi4.driver.task_planner:266] PLANNING Atomic:  keywords={'CART_HESS_READ': 0, 'GEOM_MAXITER': 100, 'SCF__GUESS': 'READ', 'SCF__INTS_TOLERANCE': 1e-12, 'SCF__MAXITER': 500, 'function_kwargs': {}}
2022-09-27:23:43:50,751 INFO     [psi4.driver.driver:617] Compute gradient(): method=scf, basis=cc-pvdz, molecule=default, nre=416.9127018143132
2022-09-27:23:43:54,71 INFO     [psi4.driver.driver:620] Return gradient(): -434.21110711053535
2022-09-27:23:43:54,75 INFO     [psi4.driver.driver:621] [[ 0.00009827  0.00072992 -0.00154542]
 [ 0.00006038  0.00006614 -0.00018607]
 [-0.00000313 -0.00000031  0.00009147]
 [-0.00002956 -0.00000992 -0.00002672]
 [ 0.00001935 -0.00005374  0.00006832]
 [ 0.00002368  0.00012607 -0.00016118]
 [-0.00049411 -0.00317263  0.00631733]
 [ 0.00026766  0.00121918 -0.00223599]
 [ 0.00006246  0.00110157 -0.00231271]
 [-0.00000459  0.00000448 -0.00001485]
 [ 0.00000219 -0.00001185  0.00001095]
 [ 0.00000406  0.00000051 -0.0000045 ]
 [-0.00000272 -0.00000774  0.00001239]
 [-0.00000394  0.00000831 -0.00001303]]
2022-09-27:23:43:54,108 INFO     [psi4.driver.task_planner:266] PLANNING Atomic:  keywords={'CART_HESS_READ': 0, 'GEOM_MAXITER': 100, 'SCF__GUESS': 'READ', 'SCF__INTS_TOLERANCE': 1e-12, 'SCF__MAXITER': 500, 'function_kwargs': {}}
2022-09-27:23:43:54,110 INFO     [psi4.driver.driver:617] Compute gradient(): method=scf, basis=cc-pvdz, molecule=default, nre=416.907659733298
2022-09-27:23:43:57,417 INFO     [psi4.driver.driver:620] Return gradient(): -434.2111965534555
2022-09-27:23:43:57,418 INFO     [psi4.driver.driver:621] [[-0.00003048 -0.00003733 -0.00002193]
 [ 0.0000396  -0.00001981 -0.00000604]
 [ 0.0000024   0.00003263  0.00001618]
 [-0.00002961 -0.00001714 -0.00001324]
 [ 0.00002857 -0.0000178  -0.00000486]
 [ 0.00000708  0.00004081  0.00001935]
 [ 0.00017768 -0.00020668 -0.00007082]
 [ 0.00006381  0.00020579  0.00010054]
 [-0.00025503  0.00003021 -0.00001472]
 [-0.00000545 -0.00000306 -0.00000218]
 [ 0.00000369 -0.0000054  -0.00000178]
 [ 0.00000351 -0.0000017   0.00000019]
 [-0.0000017  -0.00000158 -0.00000059]
 [-0.00000405  0.00000107 -0.00000011]]
