2022-09-28:00:10:07,814 INFO     [psi4.driver.task_planner:218] PLANNING MB:  mc_level_idx=0 packet={'driver': 'energy', 'method': 'scf', 'basis': 'aug-cc-pvdz', 'keywords': {'SCF__D_CONVERGENCE': 1e-06, 'SCF__E_CONVERGENCE': 1e-06, 'SCF__GUESS': 'SAD', 'INTS_TOLERANCE': 1e-12, 'SCF__INTS_TOLERANCE': 1e-12, 'SCF_TYPE': 'DF', 'function_kwargs': {}}}
2022-09-28:00:10:07,819 INFO     [psi4.driver.driver_nbody:940] 
  //>>>>>>>>>>>>>>>>>>>>>>>>>>>>>>>>>>>>>//
  // ManyBody Setup: N-Body Levels [1, 2]//
  //<<<<<<<<<<<<<<<<<<<<<<<<<<<<<<<<<<<<<//


2022-09-28:00:10:07,823 INFO     [psi4.driver.driver_nbody:506]         Number of 1-body computations:     2
        Number of 2-body computations:     1
2022-09-28:00:10:07,828 INFO     [psi4.driver.driver_nbody:1002] 
  //>>>>>>>>>>>>>>>>>>>>>>>>>>>>>>>>>>>//
  //       ManyBody Computations       //
  //<<<<<<<<<<<<<<<<<<<<<<<<<<<<<<<<<<<//


2022-09-28:00:10:07,851 INFO     [psi4.driver.task_base:154] <<< JSON launch ... c1 8.77235597574934
2022-09-28:00:10:07,879 INFO     [psi4.driver.task_planner:266] PLANNING Atomic:  keywords={'SCF__D_CONVERGENCE': 1e-06, 'SCF__E_CONVERGENCE': 1e-06, 'SCF__GUESS': 'SAD', 'INTS_TOLERANCE': 1e-12, 'SCF__INTS_TOLERANCE': 1e-12, 'SCF_TYPE': 'DF', 'function_kwargs': {}}
2022-09-28:00:10:07,886 INFO     [psi4.driver.driver:499] Compute energy(): method=scf, basis=aug-cc-pvdz, molecule=H4O2, nre=8.77235597574934
2022-09-28:00:10:08,345 INFO     [psi4.driver.driver:502] Return energy(): -76.0298256350424
2022-09-28:00:10:08,360 INFO     [psi4.driver.task_base:154] <<< JSON launch ... c1 8.801420354575152
2022-09-28:00:10:08,389 INFO     [psi4.driver.task_planner:266] PLANNING Atomic:  keywords={'SCF__D_CONVERGENCE': 1e-06, 'SCF__E_CONVERGENCE': 1e-06, 'SCF__GUESS': 'SAD', 'INTS_TOLERANCE': 1e-12, 'SCF__INTS_TOLERANCE': 1e-12, 'SCF_TYPE': 'DF', 'function_kwargs': {}}
2022-09-28:00:10:08,396 INFO     [psi4.driver.driver:499] Compute energy(): method=scf, basis=aug-cc-pvdz, molecule=H4O2, nre=8.801420354575152
2022-09-28:00:10:08,863 INFO     [psi4.driver.driver:502] Return energy(): -76.03571398086167
2022-09-28:00:10:08,885 INFO     [psi4.driver.task_base:154] <<< JSON launch ... c1 32.68284600765955
2022-09-28:00:10:08,916 INFO     [psi4.driver.task_planner:266] PLANNING Atomic:  keywords={'SCF__D_CONVERGENCE': 1e-06, 'SCF__E_CONVERGENCE': 1e-06, 'SCF__GUESS': 'SAD', 'INTS_TOLERANCE': 1e-12, 'SCF__INTS_TOLERANCE': 1e-12, 'SCF_TYPE': 'DF', 'function_kwargs': {}}
2022-09-28:00:10:08,923 INFO     [psi4.driver.driver:499] Compute energy(): method=scf, basis=aug-cc-pvdz, molecule=H4O2, nre=32.68284600765955
2022-09-28:00:10:09,408 INFO     [psi4.driver.driver:502] Return energy(): -152.0703852562661
2022-09-28:00:10:09,421 INFO     [psi4.driver.driver_nbody:1352] 
  //>>>>>>>>>>>>>>>>>>>>>>>>>>>>>>>>>>>//
  //          ManyBody Results         //
  //<<<<<<<<<<<<<<<<<<<<<<<<<<<<<<<<<<<//


2022-09-28:00:10:09,425 INFO     [psi4.driver.driver_nbody:387] 
   ==> N-Body: Counterpoise Corrected (CP) energies <==

        n-Body     Total Energy            Interaction Energy                          N-body Contribution to Interaction Energy
                   [Eh]                    [Eh]                  [kcal/mol]            [Eh]                  [kcal/mol]
             1  N/A                         0.000000000000        0.000000000000        0.000000000000        0.000000000000
  FULL/RTN   2  N/A                        -0.004845640362       -3.040685233687       -0.004845640362       -3.040685233687


2022-09-28:00:10:09,522 INFO     [psi4.driver.task_planner:218] PLANNING MB:  mc_level_idx=0 packet={'driver': 'energy', 'method': 'scf', 'basis': 'aug-cc-pvdz', 'keywords': {'SCF__D_CONVERGENCE': 1e-06, 'SCF__E_CONVERGENCE': 1e-06, 'SCF__GUESS': 'SAD', 'INTS_TOLERANCE': 1e-12, 'SCF__INTS_TOLERANCE': 1e-12, 'SCF_TYPE': 'DF', 'function_kwargs': {}}}
2022-09-28:00:10:09,527 INFO     [psi4.driver.driver_nbody:940] 
  //>>>>>>>>>>>>>>>>>>>>>>>>>>>>>>>>>>>>>//
  // ManyBody Setup: N-Body Levels [1, 2]//
  //<<<<<<<<<<<<<<<<<<<<<<<<<<<<<<<<<<<<<//


2022-09-28:00:10:09,531 INFO     [psi4.driver.driver_nbody:506]         Number of 1-body computations:     2
        Number of 2-body computations:     1
2022-09-28:00:10:09,536 INFO     [psi4.driver.driver_nbody:1002] 
  //>>>>>>>>>>>>>>>>>>>>>>>>>>>>>>>>>>>//
  //       ManyBody Computations       //
  //<<<<<<<<<<<<<<<<<<<<<<<<<<<<<<<<<<<//


2022-09-28:00:10:09,559 INFO     [psi4.driver.task_base:154] <<< JSON launch ... cs 8.772355975749342
2022-09-28:00:10:09,587 INFO     [psi4.driver.task_planner:266] PLANNING Atomic:  keywords={'SCF__D_CONVERGENCE': 1e-06, 'SCF__E_CONVERGENCE': 1e-06, 'SCF__GUESS': 'SAD', 'INTS_TOLERANCE': 1e-12, 'SCF__INTS_TOLERANCE': 1e-12, 'SCF_TYPE': 'DF', 'function_kwargs': {}}
2022-09-28:00:10:09,594 INFO     [psi4.driver.driver:499] Compute energy(): method=scf, basis=aug-cc-pvdz, molecule=H4O2, nre=8.772355975749342
2022-09-28:00:10:10,62 INFO     [psi4.driver.driver:502] Return energy(): -76.02982585806305
2022-09-28:00:10:10,74 INFO     [psi4.driver.task_base:154] <<< JSON launch ... cs 8.801420354575152
2022-09-28:00:10:10,103 INFO     [psi4.driver.task_planner:266] PLANNING Atomic:  keywords={'SCF__D_CONVERGENCE': 1e-06, 'SCF__E_CONVERGENCE': 1e-06, 'SCF__GUESS': 'SAD', 'INTS_TOLERANCE': 1e-12, 'SCF__INTS_TOLERANCE': 1e-12, 'SCF_TYPE': 'DF', 'function_kwargs': {}}
2022-09-28:00:10:10,110 INFO     [psi4.driver.driver:499] Compute energy(): method=scf, basis=aug-cc-pvdz, molecule=H4O2, nre=8.801420354575152
2022-09-28:00:10:10,576 INFO     [psi4.driver.driver:502] Return energy(): -76.03571397487629
2022-09-28:00:10:10,587 INFO     [psi4.driver.task_base:154] <<< JSON launch ... cs 32.68288953604219
2022-09-28:00:10:10,616 INFO     [psi4.driver.task_planner:266] PLANNING Atomic:  keywords={'SCF__D_CONVERGENCE': 1e-06, 'SCF__E_CONVERGENCE': 1e-06, 'SCF__GUESS': 'SAD', 'INTS_TOLERANCE': 1e-12, 'SCF__INTS_TOLERANCE': 1e-12, 'SCF_TYPE': 'DF', 'function_kwargs': {}}
2022-09-28:00:10:10,624 INFO     [psi4.driver.driver:499] Compute energy(): method=scf, basis=aug-cc-pvdz, molecule=H4O2, nre=32.68288953604219
2022-09-28:00:10:11,114 INFO     [psi4.driver.driver:502] Return energy(): -152.0703655454842
2022-09-28:00:10:11,127 INFO     [psi4.driver.driver_nbody:1352] 
  //>>>>>>>>>>>>>>>>>>>>>>>>>>>>>>>>>>>//
  //          ManyBody Results         //
  //<<<<<<<<<<<<<<<<<<<<<<<<<<<<<<<<<<<//


2022-09-28:00:10:11,131 INFO     [psi4.driver.driver_nbody:387] 
   ==> N-Body: Counterpoise Corrected (CP) energies <==

        n-Body     Total Energy            Interaction Energy                          N-body Contribution to Interaction Energy
                   [Eh]                    [Eh]                  [kcal/mol]            [Eh]                  [kcal/mol]
             1  N/A                         0.000000000000        0.000000000000        0.000000000000        0.000000000000
  FULL/RTN   2  N/A                        -0.004825712545       -3.028180339625       -0.004825712545       -3.028180339625


