2022-09-28:00:09:49,96 INFO     [psi4.driver.task_planner:218] PLANNING MB:  mc_level_idx=0 packet={'driver': 'energy', 'method': 'scf', 'basis': 'aug-cc-pvdz', 'keywords': {'SCF__D_CONVERGENCE': 1e-06, 'SCF__E_CONVERGENCE': 1e-06, 'SCF__GUESS': 'SAD', 'INTS_TOLERANCE': 1e-12, 'SCF__INTS_TOLERANCE': 1e-12, 'SCF_TYPE': 'DF', 'function_kwargs': {}}}
2022-09-28:00:09:49,101 INFO     [psi4.driver.driver_nbody:940] 
  //>>>>>>>>>>>>>>>>>>>>>>>>>>>>>>>>>>>>>//
  // ManyBody Setup: N-Body Levels [1, 2]//
  //<<<<<<<<<<<<<<<<<<<<<<<<<<<<<<<<<<<<<//


2022-09-28:00:09:49,104 INFO     [psi4.driver.driver_nbody:506]         Number of 1-body computations:     2
        Number of 2-body computations:     1
2022-09-28:00:09:49,109 INFO     [psi4.driver.driver_nbody:1002] 
  //>>>>>>>>>>>>>>>>>>>>>>>>>>>>>>>>>>>//
  //       ManyBody Computations       //
  //<<<<<<<<<<<<<<<<<<<<<<<<<<<<<<<<<<<//


2022-09-28:00:09:49,131 INFO     [psi4.driver.task_base:154] <<< JSON launch ... cs 8.772355975749342
2022-09-28:00:09:49,160 INFO     [psi4.driver.task_planner:266] PLANNING Atomic:  keywords={'SCF__D_CONVERGENCE': 1e-06, 'SCF__E_CONVERGENCE': 1e-06, 'SCF__GUESS': 'SAD', 'INTS_TOLERANCE': 1e-12, 'SCF__INTS_TOLERANCE': 1e-12, 'SCF_TYPE': 'DF', 'function_kwargs': {}}
2022-09-28:00:09:49,166 INFO     [psi4.driver.driver:499] Compute energy(): method=scf, basis=aug-cc-pvdz, molecule=H4O2, nre=8.772355975749342
2022-09-28:00:09:49,630 INFO     [psi4.driver.driver:502] Return energy(): -76.029825858059
2022-09-28:00:09:49,642 INFO     [psi4.driver.task_base:154] <<< JSON launch ... cs 8.801420354575152
2022-09-28:00:09:49,671 INFO     [psi4.driver.task_planner:266] PLANNING Atomic:  keywords={'SCF__D_CONVERGENCE': 1e-06, 'SCF__E_CONVERGENCE': 1e-06, 'SCF__GUESS': 'SAD', 'INTS_TOLERANCE': 1e-12, 'SCF__INTS_TOLERANCE': 1e-12, 'SCF_TYPE': 'DF', 'function_kwargs': {}}
2022-09-28:00:09:49,678 INFO     [psi4.driver.driver:499] Compute energy(): method=scf, basis=aug-cc-pvdz, molecule=H4O2, nre=8.801420354575152
2022-09-28:00:09:50,142 INFO     [psi4.driver.driver:502] Return energy(): -76.03571397487194
2022-09-28:00:09:50,153 INFO     [psi4.driver.task_base:154] <<< JSON launch ... cs 32.68288953604219
2022-09-28:00:09:50,181 INFO     [psi4.driver.task_planner:266] PLANNING Atomic:  keywords={'SCF__D_CONVERGENCE': 1e-06, 'SCF__E_CONVERGENCE': 1e-06, 'SCF__GUESS': 'SAD', 'INTS_TOLERANCE': 1e-12, 'SCF__INTS_TOLERANCE': 1e-12, 'SCF_TYPE': 'DF', 'function_kwargs': {}}
2022-09-28:00:09:50,188 INFO     [psi4.driver.driver:499] Compute energy(): method=scf, basis=aug-cc-pvdz, molecule=H4O2, nre=32.68288953604219
2022-09-28:00:09:50,678 INFO     [psi4.driver.driver:502] Return energy(): -152.07036554547142
2022-09-28:00:09:50,690 INFO     [psi4.driver.driver_nbody:1352] 
  //>>>>>>>>>>>>>>>>>>>>>>>>>>>>>>>>>>>//
  //          ManyBody Results         //
  //<<<<<<<<<<<<<<<<<<<<<<<<<<<<<<<<<<<//


2022-09-28:00:09:50,695 INFO     [psi4.driver.driver_nbody:387] 
   ==> N-Body: Counterpoise Corrected (CP) energies <==

        n-Body     Total Energy            Interaction Energy                          N-body Contribution to Interaction Energy
                   [Eh]                    [Eh]                  [kcal/mol]            [Eh]                  [kcal/mol]
             1  N/A                         0.000000000000        0.000000000000        0.000000000000        0.000000000000
  FULL/RTN   2  N/A                        -0.004825712540       -3.028180336878       -0.004825712540       -3.028180336878


2022-09-28:00:09:50,790 INFO     [psi4.driver.task_planner:218] PLANNING MB:  mc_level_idx=0 packet={'driver': 'energy', 'method': 'scf', 'basis': 'aug-cc-pvdz', 'keywords': {'SCF__D_CONVERGENCE': 1e-06, 'SCF__E_CONVERGENCE': 1e-06, 'SCF__GUESS': 'SAD', 'INTS_TOLERANCE': 1e-12, 'SCF__INTS_TOLERANCE': 1e-12, 'SCF_TYPE': 'DF', 'function_kwargs': {}}}
2022-09-28:00:09:50,796 INFO     [psi4.driver.driver_nbody:940] 
  //>>>>>>>>>>>>>>>>>>>>>>>>>>>>>>>>>>>>>//
  // ManyBody Setup: N-Body Levels [1, 2]//
  //<<<<<<<<<<<<<<<<<<<<<<<<<<<<<<<<<<<<<//


2022-09-28:00:09:50,799 INFO     [psi4.driver.driver_nbody:506]         Number of 1-body computations:     2
        Number of 2-body computations:     1
2022-09-28:00:09:50,804 INFO     [psi4.driver.driver_nbody:1002] 
  //>>>>>>>>>>>>>>>>>>>>>>>>>>>>>>>>>>>//
  //       ManyBody Computations       //
  //<<<<<<<<<<<<<<<<<<<<<<<<<<<<<<<<<<<//


2022-09-28:00:09:50,826 INFO     [psi4.driver.task_base:154] <<< JSON launch ... c1 8.772355975749342
2022-09-28:00:09:50,855 INFO     [psi4.driver.task_planner:266] PLANNING Atomic:  keywords={'SCF__D_CONVERGENCE': 1e-06, 'SCF__E_CONVERGENCE': 1e-06, 'SCF__GUESS': 'SAD', 'INTS_TOLERANCE': 1e-12, 'SCF__INTS_TOLERANCE': 1e-12, 'SCF_TYPE': 'DF', 'function_kwargs': {}}
2022-09-28:00:09:50,861 INFO     [psi4.driver.driver:499] Compute energy(): method=scf, basis=aug-cc-pvdz, molecule=H4O2, nre=8.772355975749342
2022-09-28:00:09:51,323 INFO     [psi4.driver.driver:502] Return energy(): -76.02982563506063
2022-09-28:00:09:51,335 INFO     [psi4.driver.task_base:154] <<< JSON launch ... c1 8.801420354575152
2022-09-28:00:09:51,364 INFO     [psi4.driver.task_planner:266] PLANNING Atomic:  keywords={'SCF__D_CONVERGENCE': 1e-06, 'SCF__E_CONVERGENCE': 1e-06, 'SCF__GUESS': 'SAD', 'INTS_TOLERANCE': 1e-12, 'SCF__INTS_TOLERANCE': 1e-12, 'SCF_TYPE': 'DF', 'function_kwargs': {}}
2022-09-28:00:09:51,370 INFO     [psi4.driver.driver:499] Compute energy(): method=scf, basis=aug-cc-pvdz, molecule=H4O2, nre=8.801420354575152
2022-09-28:00:09:51,830 INFO     [psi4.driver.driver:502] Return energy(): -76.03571398087435
2022-09-28:00:09:51,841 INFO     [psi4.driver.task_base:154] <<< JSON launch ... c1 32.68284600765955
2022-09-28:00:09:51,869 INFO     [psi4.driver.task_planner:266] PLANNING Atomic:  keywords={'SCF__D_CONVERGENCE': 1e-06, 'SCF__E_CONVERGENCE': 1e-06, 'SCF__GUESS': 'SAD', 'INTS_TOLERANCE': 1e-12, 'SCF__INTS_TOLERANCE': 1e-12, 'SCF_TYPE': 'DF', 'function_kwargs': {}}
2022-09-28:00:09:51,876 INFO     [psi4.driver.driver:499] Compute energy(): method=scf, basis=aug-cc-pvdz, molecule=H4O2, nre=32.68284600765955
2022-09-28:00:09:52,359 INFO     [psi4.driver.driver:502] Return energy(): -152.0703852563143
2022-09-28:00:09:52,371 INFO     [psi4.driver.driver_nbody:1352] 
  //>>>>>>>>>>>>>>>>>>>>>>>>>>>>>>>>>>>//
  //          ManyBody Results         //
  //<<<<<<<<<<<<<<<<<<<<<<<<<<<<<<<<<<<//


2022-09-28:00:09:52,375 INFO     [psi4.driver.driver_nbody:387] 
   ==> N-Body: Counterpoise Corrected (CP) energies <==

        n-Body     Total Energy            Interaction Energy                          N-body Contribution to Interaction Energy
                   [Eh]                    [Eh]                  [kcal/mol]            [Eh]                  [kcal/mol]
             1  N/A                         0.000000000000        0.000000000000        0.000000000000        0.000000000000
  FULL/RTN   2  N/A                        -0.004845640379       -3.040685244530       -0.004845640379       -3.040685244530


2022-09-28:00:09:52,470 INFO     [psi4.driver.task_planner:218] PLANNING MB:  mc_level_idx=0 packet={'driver': 'energy', 'method': 'scf', 'basis': 'aug-cc-pvdz', 'keywords': {'SCF__D_CONVERGENCE': 1e-06, 'SCF__E_CONVERGENCE': 1e-06, 'SCF__GUESS': 'SAD', 'INTS_TOLERANCE': 1e-12, 'SCF__INTS_TOLERANCE': 1e-12, 'SCF_TYPE': 'DF', 'function_kwargs': {}}}
2022-09-28:00:09:52,474 INFO     [psi4.driver.driver_nbody:940] 
  //>>>>>>>>>>>>>>>>>>>>>>>>>>>>>>>>>>>>>//
  // ManyBody Setup: N-Body Levels [1, 2]//
  //<<<<<<<<<<<<<<<<<<<<<<<<<<<<<<<<<<<<<//


2022-09-28:00:09:52,478 INFO     [psi4.driver.driver_nbody:506]         Number of 1-body computations:     2
        Number of 2-body computations:     1
2022-09-28:00:09:52,483 INFO     [psi4.driver.driver_nbody:1002] 
  //>>>>>>>>>>>>>>>>>>>>>>>>>>>>>>>>>>>//
  //       ManyBody Computations       //
  //<<<<<<<<<<<<<<<<<<<<<<<<<<<<<<<<<<<//


2022-09-28:00:09:52,506 INFO     [psi4.driver.task_base:154] <<< JSON launch ... c1 8.772355975749342
2022-09-28:00:09:52,536 INFO     [psi4.driver.task_planner:266] PLANNING Atomic:  keywords={'SCF__D_CONVERGENCE': 1e-06, 'SCF__E_CONVERGENCE': 1e-06, 'SCF__GUESS': 'SAD', 'INTS_TOLERANCE': 1e-12, 'SCF__INTS_TOLERANCE': 1e-12, 'SCF_TYPE': 'DF', 'function_kwargs': {}}
2022-09-28:00:09:52,543 INFO     [psi4.driver.driver:499] Compute energy(): method=scf, basis=aug-cc-pvdz, molecule=H4O2, nre=8.772355975749342
2022-09-28:00:09:53,2 INFO     [psi4.driver.driver:502] Return energy(): -76.02982516829026
2022-09-28:00:09:53,13 INFO     [psi4.driver.task_base:154] <<< JSON launch ... c1 8.801420354575152
2022-09-28:00:09:53,41 INFO     [psi4.driver.task_planner:266] PLANNING Atomic:  keywords={'SCF__D_CONVERGENCE': 1e-06, 'SCF__E_CONVERGENCE': 1e-06, 'SCF__GUESS': 'SAD', 'INTS_TOLERANCE': 1e-12, 'SCF__INTS_TOLERANCE': 1e-12, 'SCF_TYPE': 'DF', 'function_kwargs': {}}
2022-09-28:00:09:53,48 INFO     [psi4.driver.driver:499] Compute energy(): method=scf, basis=aug-cc-pvdz, molecule=H4O2, nre=8.801420354575152
2022-09-28:00:09:53,505 INFO     [psi4.driver.driver:502] Return energy(): -76.03571401605271
2022-09-28:00:09:53,516 INFO     [psi4.driver.task_base:154] <<< JSON launch ... c1 32.68272724297534
2022-09-28:00:09:53,545 INFO     [psi4.driver.task_planner:266] PLANNING Atomic:  keywords={'SCF__D_CONVERGENCE': 1e-06, 'SCF__E_CONVERGENCE': 1e-06, 'SCF__GUESS': 'SAD', 'INTS_TOLERANCE': 1e-12, 'SCF__INTS_TOLERANCE': 1e-12, 'SCF_TYPE': 'DF', 'function_kwargs': {}}
2022-09-28:00:09:53,553 INFO     [psi4.driver.driver:499] Compute energy(): method=scf, basis=aug-cc-pvdz, molecule=H4O2, nre=32.68272724297534
2022-09-28:00:09:54,36 INFO     [psi4.driver.driver:502] Return energy(): -152.07043923997045
2022-09-28:00:09:54,48 INFO     [psi4.driver.driver_nbody:1352] 
  //>>>>>>>>>>>>>>>>>>>>>>>>>>>>>>>>>>>//
  //          ManyBody Results         //
  //<<<<<<<<<<<<<<<<<<<<<<<<<<<<<<<<<<<//


2022-09-28:00:09:54,53 INFO     [psi4.driver.driver_nbody:387] 
   ==> N-Body: Counterpoise Corrected (CP) energies <==

        n-Body     Total Energy            Interaction Energy                          N-body Contribution to Interaction Energy
                   [Eh]                    [Eh]                  [kcal/mol]            [Eh]                  [kcal/mol]
             1  N/A                         0.000000000000        0.000000000000        0.000000000000        0.000000000000
  FULL/RTN   2  N/A                        -0.004900055627       -3.074831328277       -0.004900055627       -3.074831328277


2022-09-28:00:09:54,147 INFO     [psi4.driver.task_planner:218] PLANNING MB:  mc_level_idx=0 packet={'driver': 'energy', 'method': 'scf', 'basis': 'aug-cc-pvdz', 'keywords': {'SCF__D_CONVERGENCE': 1e-06, 'SCF__E_CONVERGENCE': 1e-06, 'SCF__GUESS': 'SAD', 'INTS_TOLERANCE': 1e-12, 'SCF__INTS_TOLERANCE': 1e-12, 'SCF_TYPE': 'DF', 'function_kwargs': {}}}
2022-09-28:00:09:54,152 INFO     [psi4.driver.driver_nbody:940] 
  //>>>>>>>>>>>>>>>>>>>>>>>>>>>>>>>>>>>>>//
  // ManyBody Setup: N-Body Levels [1, 2]//
  //<<<<<<<<<<<<<<<<<<<<<<<<<<<<<<<<<<<<<//


2022-09-28:00:09:54,156 INFO     [psi4.driver.driver_nbody:506]         Number of 1-body computations:     2
        Number of 2-body computations:     1
2022-09-28:00:09:54,161 INFO     [psi4.driver.driver_nbody:1002] 
  //>>>>>>>>>>>>>>>>>>>>>>>>>>>>>>>>>>>//
  //       ManyBody Computations       //
  //<<<<<<<<<<<<<<<<<<<<<<<<<<<<<<<<<<<//


2022-09-28:00:09:54,183 INFO     [psi4.driver.task_base:154] <<< JSON launch ... c1 8.772355975749342
2022-09-28:00:09:54,211 INFO     [psi4.driver.task_planner:266] PLANNING Atomic:  keywords={'SCF__D_CONVERGENCE': 1e-06, 'SCF__E_CONVERGENCE': 1e-06, 'SCF__GUESS': 'SAD', 'INTS_TOLERANCE': 1e-12, 'SCF__INTS_TOLERANCE': 1e-12, 'SCF_TYPE': 'DF', 'function_kwargs': {}}
2022-09-28:00:09:54,218 INFO     [psi4.driver.driver:499] Compute energy(): method=scf, basis=aug-cc-pvdz, molecule=H4O2, nre=8.772355975749342
2022-09-28:00:09:54,677 INFO     [psi4.driver.driver:502] Return energy(): -76.02982485896032
2022-09-28:00:09:54,688 INFO     [psi4.driver.task_base:154] <<< JSON launch ... c1 8.801420354575152
2022-09-28:00:09:54,717 INFO     [psi4.driver.task_planner:266] PLANNING Atomic:  keywords={'SCF__D_CONVERGENCE': 1e-06, 'SCF__E_CONVERGENCE': 1e-06, 'SCF__GUESS': 'SAD', 'INTS_TOLERANCE': 1e-12, 'SCF__INTS_TOLERANCE': 1e-12, 'SCF_TYPE': 'DF', 'function_kwargs': {}}
2022-09-28:00:09:54,724 INFO     [psi4.driver.driver:499] Compute energy(): method=scf, basis=aug-cc-pvdz, molecule=H4O2, nre=8.801420354575152
2022-09-28:00:09:55,184 INFO     [psi4.driver.driver:502] Return energy(): -76.03571411042796
2022-09-28:00:09:55,195 INFO     [psi4.driver.task_base:154] <<< JSON launch ... c1 32.682565377919495
2022-09-28:00:09:55,224 INFO     [psi4.driver.task_planner:266] PLANNING Atomic:  keywords={'SCF__D_CONVERGENCE': 1e-06, 'SCF__E_CONVERGENCE': 1e-06, 'SCF__GUESS': 'SAD', 'INTS_TOLERANCE': 1e-12, 'SCF__INTS_TOLERANCE': 1e-12, 'SCF_TYPE': 'DF', 'function_kwargs': {}}
2022-09-28:00:09:55,231 INFO     [psi4.driver.driver:499] Compute energy(): method=scf, basis=aug-cc-pvdz, molecule=H4O2, nre=32.682565377919495
2022-09-28:00:09:55,716 INFO     [psi4.driver.driver:502] Return energy(): -152.07051328829394
2022-09-28:00:09:55,728 INFO     [psi4.driver.driver_nbody:1352] 
  //>>>>>>>>>>>>>>>>>>>>>>>>>>>>>>>>>>>//
  //          ManyBody Results         //
  //<<<<<<<<<<<<<<<<<<<<<<<<<<<<<<<<<<<//


2022-09-28:00:09:55,732 INFO     [psi4.driver.driver_nbody:387] 
   ==> N-Body: Counterpoise Corrected (CP) energies <==

        n-Body     Total Energy            Interaction Energy                          N-body Contribution to Interaction Energy
                   [Eh]                    [Eh]                  [kcal/mol]            [Eh]                  [kcal/mol]
             1  N/A                         0.000000000000        0.000000000000        0.000000000000        0.000000000000
  FULL/RTN   2  N/A                        -0.004974318906       -3.121432238888       -0.004974318906       -3.121432238888


2022-09-28:00:09:55,827 INFO     [psi4.driver.task_planner:218] PLANNING MB:  mc_level_idx=0 packet={'driver': 'energy', 'method': 'scf', 'basis': 'aug-cc-pvdz', 'keywords': {'SCF__D_CONVERGENCE': 1e-06, 'SCF__E_CONVERGENCE': 1e-06, 'SCF__GUESS': 'SAD', 'INTS_TOLERANCE': 1e-12, 'SCF__INTS_TOLERANCE': 1e-12, 'SCF_TYPE': 'DF', 'function_kwargs': {}}}
2022-09-28:00:09:55,832 INFO     [psi4.driver.driver_nbody:940] 
  //>>>>>>>>>>>>>>>>>>>>>>>>>>>>>>>>>>>>>//
  // ManyBody Setup: N-Body Levels [1, 2]//
  //<<<<<<<<<<<<<<<<<<<<<<<<<<<<<<<<<<<<<//


2022-09-28:00:09:55,835 INFO     [psi4.driver.driver_nbody:506]         Number of 1-body computations:     2
        Number of 2-body computations:     1
2022-09-28:00:09:55,840 INFO     [psi4.driver.driver_nbody:1002] 
  //>>>>>>>>>>>>>>>>>>>>>>>>>>>>>>>>>>>//
  //       ManyBody Computations       //
  //<<<<<<<<<<<<<<<<<<<<<<<<<<<<<<<<<<<//


2022-09-28:00:09:55,863 INFO     [psi4.driver.task_base:154] <<< JSON launch ... c1 8.772355975749338
2022-09-28:00:09:55,891 INFO     [psi4.driver.task_planner:266] PLANNING Atomic:  keywords={'SCF__D_CONVERGENCE': 1e-06, 'SCF__E_CONVERGENCE': 1e-06, 'SCF__GUESS': 'SAD', 'INTS_TOLERANCE': 1e-12, 'SCF__INTS_TOLERANCE': 1e-12, 'SCF_TYPE': 'DF', 'function_kwargs': {}}
2022-09-28:00:09:55,898 INFO     [psi4.driver.driver:499] Compute energy(): method=scf, basis=aug-cc-pvdz, molecule=H4O2, nre=8.772355975749338
2022-09-28:00:09:56,359 INFO     [psi4.driver.driver:502] Return energy(): -76.02982491673765
2022-09-28:00:09:56,370 INFO     [psi4.driver.task_base:154] <<< JSON launch ... c1 8.801420354575152
2022-09-28:00:09:56,398 INFO     [psi4.driver.task_planner:266] PLANNING Atomic:  keywords={'SCF__D_CONVERGENCE': 1e-06, 'SCF__E_CONVERGENCE': 1e-06, 'SCF__GUESS': 'SAD', 'INTS_TOLERANCE': 1e-12, 'SCF__INTS_TOLERANCE': 1e-12, 'SCF_TYPE': 'DF', 'function_kwargs': {}}
2022-09-28:00:09:56,405 INFO     [psi4.driver.driver:499] Compute energy(): method=scf, basis=aug-cc-pvdz, molecule=H4O2, nre=8.801420354575152
2022-09-28:00:09:56,866 INFO     [psi4.driver.driver:502] Return energy(): -76.03571426098199
2022-09-28:00:09:56,877 INFO     [psi4.driver.task_base:154] <<< JSON launch ... c1 32.68240393896256
2022-09-28:00:09:56,905 INFO     [psi4.driver.task_planner:266] PLANNING Atomic:  keywords={'SCF__D_CONVERGENCE': 1e-06, 'SCF__E_CONVERGENCE': 1e-06, 'SCF__GUESS': 'SAD', 'INTS_TOLERANCE': 1e-12, 'SCF__INTS_TOLERANCE': 1e-12, 'SCF_TYPE': 'DF', 'function_kwargs': {}}
2022-09-28:00:09:56,912 INFO     [psi4.driver.driver:499] Compute energy(): method=scf, basis=aug-cc-pvdz, molecule=H4O2, nre=32.68240393896256
2022-09-28:00:09:57,397 INFO     [psi4.driver.driver:502] Return energy(): -152.0705876805134
2022-09-28:00:09:57,409 INFO     [psi4.driver.driver_nbody:1352] 
  //>>>>>>>>>>>>>>>>>>>>>>>>>>>>>>>>>>>//
  //          ManyBody Results         //
  //<<<<<<<<<<<<<<<<<<<<<<<<<<<<<<<<<<<//


2022-09-28:00:09:57,414 INFO     [psi4.driver.driver_nbody:387] 
   ==> N-Body: Counterpoise Corrected (CP) energies <==

        n-Body     Total Energy            Interaction Energy                          N-body Contribution to Interaction Energy
                   [Eh]                    [Eh]                  [kcal/mol]            [Eh]                  [kcal/mol]
             1  N/A                         0.000000000000        0.000000000000        0.000000000000        0.000000000000
  FULL/RTN   2  N/A                        -0.005048502794       -3.167983331474       -0.005048502794       -3.167983331474


2022-09-28:00:09:57,509 INFO     [psi4.driver.task_planner:218] PLANNING MB:  mc_level_idx=0 packet={'driver': 'energy', 'method': 'scf', 'basis': 'aug-cc-pvdz', 'keywords': {'SCF__D_CONVERGENCE': 1e-06, 'SCF__E_CONVERGENCE': 1e-06, 'SCF__GUESS': 'SAD', 'INTS_TOLERANCE': 1e-12, 'SCF__INTS_TOLERANCE': 1e-12, 'SCF_TYPE': 'DF', 'function_kwargs': {}}}
2022-09-28:00:09:57,514 INFO     [psi4.driver.driver_nbody:940] 
  //>>>>>>>>>>>>>>>>>>>>>>>>>>>>>>>>>>>>>//
  // ManyBody Setup: N-Body Levels [1, 2]//
  //<<<<<<<<<<<<<<<<<<<<<<<<<<<<<<<<<<<<<//


2022-09-28:00:09:57,518 INFO     [psi4.driver.driver_nbody:506]         Number of 1-body computations:     2
        Number of 2-body computations:     1
2022-09-28:00:09:57,523 INFO     [psi4.driver.driver_nbody:1002] 
  //>>>>>>>>>>>>>>>>>>>>>>>>>>>>>>>>>>>//
  //       ManyBody Computations       //
  //<<<<<<<<<<<<<<<<<<<<<<<<<<<<<<<<<<<//


2022-09-28:00:09:57,545 INFO     [psi4.driver.task_base:154] <<< JSON launch ... c1 8.77235597574934
2022-09-28:00:09:57,573 INFO     [psi4.driver.task_planner:266] PLANNING Atomic:  keywords={'SCF__D_CONVERGENCE': 1e-06, 'SCF__E_CONVERGENCE': 1e-06, 'SCF__GUESS': 'SAD', 'INTS_TOLERANCE': 1e-12, 'SCF__INTS_TOLERANCE': 1e-12, 'SCF_TYPE': 'DF', 'function_kwargs': {}}
2022-09-28:00:09:57,580 INFO     [psi4.driver.driver:499] Compute energy(): method=scf, basis=aug-cc-pvdz, molecule=H4O2, nre=8.77235597574934
2022-09-28:00:09:58,40 INFO     [psi4.driver.driver:502] Return energy(): -76.02982518579896
2022-09-28:00:09:58,52 INFO     [psi4.driver.task_base:154] <<< JSON launch ... c1 8.801420354575152
2022-09-28:00:09:58,81 INFO     [psi4.driver.task_planner:266] PLANNING Atomic:  keywords={'SCF__D_CONVERGENCE': 1e-06, 'SCF__E_CONVERGENCE': 1e-06, 'SCF__GUESS': 'SAD', 'INTS_TOLERANCE': 1e-12, 'SCF__INTS_TOLERANCE': 1e-12, 'SCF_TYPE': 'DF', 'function_kwargs': {}}
2022-09-28:00:09:58,87 INFO     [psi4.driver.driver:499] Compute energy(): method=scf, basis=aug-cc-pvdz, molecule=H4O2, nre=8.801420354575152
2022-09-28:00:09:58,547 INFO     [psi4.driver.driver:502] Return energy(): -76.03571440855453
2022-09-28:00:09:58,558 INFO     [psi4.driver.task_base:154] <<< JSON launch ... c1 32.682286026482146
2022-09-28:00:09:58,588 INFO     [psi4.driver.task_planner:266] PLANNING Atomic:  keywords={'SCF__D_CONVERGENCE': 1e-06, 'SCF__E_CONVERGENCE': 1e-06, 'SCF__GUESS': 'SAD', 'INTS_TOLERANCE': 1e-12, 'SCF__INTS_TOLERANCE': 1e-12, 'SCF_TYPE': 'DF', 'function_kwargs': {}}
2022-09-28:00:09:58,597 INFO     [psi4.driver.driver:499] Compute energy(): method=scf, basis=aug-cc-pvdz, molecule=H4O2, nre=32.682286026482146
2022-09-28:00:09:59,85 INFO     [psi4.driver.driver:502] Return energy(): -152.07064235593478
2022-09-28:00:09:59,100 INFO     [psi4.driver.driver_nbody:1352] 
  //>>>>>>>>>>>>>>>>>>>>>>>>>>>>>>>>>>>//
  //          ManyBody Results         //
  //<<<<<<<<<<<<<<<<<<<<<<<<<<<<<<<<<<<//


2022-09-28:00:09:59,104 INFO     [psi4.driver.driver_nbody:387] 
   ==> N-Body: Counterpoise Corrected (CP) energies <==

        n-Body     Total Energy            Interaction Energy                          N-body Contribution to Interaction Energy
                   [Eh]                    [Eh]                  [kcal/mol]            [Eh]                  [kcal/mol]
             1  N/A                         0.000000000000        0.000000000000        0.000000000000        0.000000000000
  FULL/RTN   2  N/A                        -0.005102761581       -3.202031234693       -0.005102761581       -3.202031234693


2022-09-28:00:09:59,198 INFO     [psi4.driver.task_planner:218] PLANNING MB:  mc_level_idx=0 packet={'driver': 'energy', 'method': 'scf', 'basis': 'aug-cc-pvdz', 'keywords': {'SCF__D_CONVERGENCE': 1e-06, 'SCF__E_CONVERGENCE': 1e-06, 'SCF__GUESS': 'SAD', 'INTS_TOLERANCE': 1e-12, 'SCF__INTS_TOLERANCE': 1e-12, 'SCF_TYPE': 'DF', 'function_kwargs': {}}}
2022-09-28:00:09:59,203 INFO     [psi4.driver.driver_nbody:940] 
  //>>>>>>>>>>>>>>>>>>>>>>>>>>>>>>>>>>>>>//
  // ManyBody Setup: N-Body Levels [1, 2]//
  //<<<<<<<<<<<<<<<<<<<<<<<<<<<<<<<<<<<<<//


2022-09-28:00:09:59,207 INFO     [psi4.driver.driver_nbody:506]         Number of 1-body computations:     2
        Number of 2-body computations:     1
2022-09-28:00:09:59,212 INFO     [psi4.driver.driver_nbody:1002] 
  //>>>>>>>>>>>>>>>>>>>>>>>>>>>>>>>>>>>//
  //       ManyBody Computations       //
  //<<<<<<<<<<<<<<<<<<<<<<<<<<<<<<<<<<<//


2022-09-28:00:09:59,234 INFO     [psi4.driver.task_base:154] <<< JSON launch ... cs 8.772355975749342
2022-09-28:00:09:59,263 INFO     [psi4.driver.task_planner:266] PLANNING Atomic:  keywords={'SCF__D_CONVERGENCE': 1e-06, 'SCF__E_CONVERGENCE': 1e-06, 'SCF__GUESS': 'SAD', 'INTS_TOLERANCE': 1e-12, 'SCF__INTS_TOLERANCE': 1e-12, 'SCF_TYPE': 'DF', 'function_kwargs': {}}
2022-09-28:00:09:59,269 INFO     [psi4.driver.driver:499] Compute energy(): method=scf, basis=aug-cc-pvdz, molecule=H4O2, nre=8.772355975749342
2022-09-28:00:09:59,731 INFO     [psi4.driver.driver:502] Return energy(): -76.0298253315157
2022-09-28:00:09:59,745 INFO     [psi4.driver.task_base:154] <<< JSON launch ... cs 8.801420354575152
2022-09-28:00:09:59,774 INFO     [psi4.driver.task_planner:266] PLANNING Atomic:  keywords={'SCF__D_CONVERGENCE': 1e-06, 'SCF__E_CONVERGENCE': 1e-06, 'SCF__GUESS': 'SAD', 'INTS_TOLERANCE': 1e-12, 'SCF__INTS_TOLERANCE': 1e-12, 'SCF_TYPE': 'DF', 'function_kwargs': {}}
2022-09-28:00:09:59,781 INFO     [psi4.driver.driver:499] Compute energy(): method=scf, basis=aug-cc-pvdz, molecule=H4O2, nre=8.801420354575152
2022-09-28:00:10:00,242 INFO     [psi4.driver.driver:502] Return energy(): -76.03571447070391
2022-09-28:00:10:00,253 INFO     [psi4.driver.task_base:154] <<< JSON launch ... cs 32.68224292420442
2022-09-28:00:10:00,282 INFO     [psi4.driver.task_planner:266] PLANNING Atomic:  keywords={'SCF__D_CONVERGENCE': 1e-06, 'SCF__E_CONVERGENCE': 1e-06, 'SCF__GUESS': 'SAD', 'INTS_TOLERANCE': 1e-12, 'SCF__INTS_TOLERANCE': 1e-12, 'SCF_TYPE': 'DF', 'function_kwargs': {}}
2022-09-28:00:10:00,289 INFO     [psi4.driver.driver:499] Compute energy(): method=scf, basis=aug-cc-pvdz, molecule=H4O2, nre=32.68224292420442
2022-09-28:00:10:00,776 INFO     [psi4.driver.driver:502] Return energy(): -152.07066241450894
2022-09-28:00:10:00,788 INFO     [psi4.driver.driver_nbody:1352] 
  //>>>>>>>>>>>>>>>>>>>>>>>>>>>>>>>>>>>//
  //          ManyBody Results         //
  //<<<<<<<<<<<<<<<<<<<<<<<<<<<<<<<<<<<//


2022-09-28:00:10:00,792 INFO     [psi4.driver.driver_nbody:387] 
   ==> N-Body: Counterpoise Corrected (CP) energies <==

        n-Body     Total Energy            Interaction Energy                          N-body Contribution to Interaction Energy
                   [Eh]                    [Eh]                  [kcal/mol]            [Eh]                  [kcal/mol]
             1  N/A                         0.000000000000        0.000000000000        0.000000000000        0.000000000000
  FULL/RTN   2  N/A                        -0.005122612289       -3.214487742051       -0.005122612289       -3.214487742051


2022-09-28:00:10:00,888 INFO     [psi4.driver.task_planner:218] PLANNING MB:  mc_level_idx=0 packet={'driver': 'energy', 'method': 'scf', 'basis': 'aug-cc-pvdz', 'keywords': {'SCF__D_CONVERGENCE': 1e-06, 'SCF__E_CONVERGENCE': 1e-06, 'SCF__GUESS': 'SAD', 'INTS_TOLERANCE': 1e-12, 'SCF__INTS_TOLERANCE': 1e-12, 'SCF_TYPE': 'DF', 'function_kwargs': {}}}
2022-09-28:00:10:00,893 INFO     [psi4.driver.driver_nbody:940] 
  //>>>>>>>>>>>>>>>>>>>>>>>>>>>>>>>>>>>>>//
  // ManyBody Setup: N-Body Levels [1, 2]//
  //<<<<<<<<<<<<<<<<<<<<<<<<<<<<<<<<<<<<<//


2022-09-28:00:10:00,896 INFO     [psi4.driver.driver_nbody:506]         Number of 1-body computations:     2
        Number of 2-body computations:     1
2022-09-28:00:10:00,901 INFO     [psi4.driver.driver_nbody:1002] 
  //>>>>>>>>>>>>>>>>>>>>>>>>>>>>>>>>>>>//
  //       ManyBody Computations       //
  //<<<<<<<<<<<<<<<<<<<<<<<<<<<<<<<<<<<//


2022-09-28:00:10:00,924 INFO     [psi4.driver.task_base:154] <<< JSON launch ... c1 8.77235597574934
2022-09-28:00:10:00,952 INFO     [psi4.driver.task_planner:266] PLANNING Atomic:  keywords={'SCF__D_CONVERGENCE': 1e-06, 'SCF__E_CONVERGENCE': 1e-06, 'SCF__GUESS': 'SAD', 'INTS_TOLERANCE': 1e-12, 'SCF__INTS_TOLERANCE': 1e-12, 'SCF_TYPE': 'DF', 'function_kwargs': {}}
2022-09-28:00:10:00,959 INFO     [psi4.driver.driver:499] Compute energy(): method=scf, basis=aug-cc-pvdz, molecule=H4O2, nre=8.77235597574934
2022-09-28:00:10:01,418 INFO     [psi4.driver.driver:502] Return energy(): -76.0298251858
2022-09-28:00:10:01,430 INFO     [psi4.driver.task_base:154] <<< JSON launch ... c1 8.801420354575152
2022-09-28:00:10:01,459 INFO     [psi4.driver.task_planner:266] PLANNING Atomic:  keywords={'SCF__D_CONVERGENCE': 1e-06, 'SCF__E_CONVERGENCE': 1e-06, 'SCF__GUESS': 'SAD', 'INTS_TOLERANCE': 1e-12, 'SCF__INTS_TOLERANCE': 1e-12, 'SCF_TYPE': 'DF', 'function_kwargs': {}}
2022-09-28:00:10:01,465 INFO     [psi4.driver.driver:499] Compute energy(): method=scf, basis=aug-cc-pvdz, molecule=H4O2, nre=8.801420354575152
2022-09-28:00:10:01,924 INFO     [psi4.driver.driver:502] Return energy(): -76.03571440853327
2022-09-28:00:10:01,935 INFO     [psi4.driver.task_base:154] <<< JSON launch ... c1 32.682286026482146
2022-09-28:00:10:01,964 INFO     [psi4.driver.task_planner:266] PLANNING Atomic:  keywords={'SCF__D_CONVERGENCE': 1e-06, 'SCF__E_CONVERGENCE': 1e-06, 'SCF__GUESS': 'SAD', 'INTS_TOLERANCE': 1e-12, 'SCF__INTS_TOLERANCE': 1e-12, 'SCF_TYPE': 'DF', 'function_kwargs': {}}
2022-09-28:00:10:01,971 INFO     [psi4.driver.driver:499] Compute energy(): method=scf, basis=aug-cc-pvdz, molecule=H4O2, nre=32.682286026482146
2022-09-28:00:10:02,455 INFO     [psi4.driver.driver:502] Return energy(): -152.07064235590627
2022-09-28:00:10:02,467 INFO     [psi4.driver.driver_nbody:1352] 
  //>>>>>>>>>>>>>>>>>>>>>>>>>>>>>>>>>>>//
  //          ManyBody Results         //
  //<<<<<<<<<<<<<<<<<<<<<<<<<<<<<<<<<<<//


2022-09-28:00:10:02,472 INFO     [psi4.driver.driver_nbody:387] 
   ==> N-Body: Counterpoise Corrected (CP) energies <==

        n-Body     Total Energy            Interaction Energy                          N-body Contribution to Interaction Energy
                   [Eh]                    [Eh]                  [kcal/mol]            [Eh]                  [kcal/mol]
             1  N/A                         0.000000000000        0.000000000000        0.000000000000        0.000000000000
  FULL/RTN   2  N/A                        -0.005102761573       -3.202031229503       -0.005102761573       -3.202031229503


2022-09-28:00:10:02,568 INFO     [psi4.driver.task_planner:218] PLANNING MB:  mc_level_idx=0 packet={'driver': 'energy', 'method': 'scf', 'basis': 'aug-cc-pvdz', 'keywords': {'SCF__D_CONVERGENCE': 1e-06, 'SCF__E_CONVERGENCE': 1e-06, 'SCF__GUESS': 'SAD', 'INTS_TOLERANCE': 1e-12, 'SCF__INTS_TOLERANCE': 1e-12, 'SCF_TYPE': 'DF', 'function_kwargs': {}}}
2022-09-28:00:10:02,573 INFO     [psi4.driver.driver_nbody:940] 
  //>>>>>>>>>>>>>>>>>>>>>>>>>>>>>>>>>>>>>//
  // ManyBody Setup: N-Body Levels [1, 2]//
  //<<<<<<<<<<<<<<<<<<<<<<<<<<<<<<<<<<<<<//


2022-09-28:00:10:02,577 INFO     [psi4.driver.driver_nbody:506]         Number of 1-body computations:     2
        Number of 2-body computations:     1
2022-09-28:00:10:02,582 INFO     [psi4.driver.driver_nbody:1002] 
  //>>>>>>>>>>>>>>>>>>>>>>>>>>>>>>>>>>>//
  //       ManyBody Computations       //
  //<<<<<<<<<<<<<<<<<<<<<<<<<<<<<<<<<<<//


2022-09-28:00:10:02,604 INFO     [psi4.driver.task_base:154] <<< JSON launch ... c1 8.77235597574934
2022-09-28:00:10:02,632 INFO     [psi4.driver.task_planner:266] PLANNING Atomic:  keywords={'SCF__D_CONVERGENCE': 1e-06, 'SCF__E_CONVERGENCE': 1e-06, 'SCF__GUESS': 'SAD', 'INTS_TOLERANCE': 1e-12, 'SCF__INTS_TOLERANCE': 1e-12, 'SCF_TYPE': 'DF', 'function_kwargs': {}}
2022-09-28:00:10:02,639 INFO     [psi4.driver.driver:499] Compute energy(): method=scf, basis=aug-cc-pvdz, molecule=H4O2, nre=8.77235597574934
2022-09-28:00:10:03,101 INFO     [psi4.driver.driver:502] Return energy(): -76.0298249167434
2022-09-28:00:10:03,112 INFO     [psi4.driver.task_base:154] <<< JSON launch ... c1 8.801420354575152
2022-09-28:00:10:03,141 INFO     [psi4.driver.task_planner:266] PLANNING Atomic:  keywords={'SCF__D_CONVERGENCE': 1e-06, 'SCF__E_CONVERGENCE': 1e-06, 'SCF__GUESS': 'SAD', 'INTS_TOLERANCE': 1e-12, 'SCF__INTS_TOLERANCE': 1e-12, 'SCF_TYPE': 'DF', 'function_kwargs': {}}
2022-09-28:00:10:03,148 INFO     [psi4.driver.driver:499] Compute energy(): method=scf, basis=aug-cc-pvdz, molecule=H4O2, nre=8.801420354575152
2022-09-28:00:10:03,608 INFO     [psi4.driver.driver:502] Return energy(): -76.03571426098333
2022-09-28:00:10:03,620 INFO     [psi4.driver.task_base:154] <<< JSON launch ... c1 32.68240393896256
2022-09-28:00:10:03,648 INFO     [psi4.driver.task_planner:266] PLANNING Atomic:  keywords={'SCF__D_CONVERGENCE': 1e-06, 'SCF__E_CONVERGENCE': 1e-06, 'SCF__GUESS': 'SAD', 'INTS_TOLERANCE': 1e-12, 'SCF__INTS_TOLERANCE': 1e-12, 'SCF_TYPE': 'DF', 'function_kwargs': {}}
2022-09-28:00:10:03,656 INFO     [psi4.driver.driver:499] Compute energy(): method=scf, basis=aug-cc-pvdz, molecule=H4O2, nre=32.68240393896256
2022-09-28:00:10:04,143 INFO     [psi4.driver.driver:502] Return energy(): -152.0705876805242
2022-09-28:00:10:04,155 INFO     [psi4.driver.driver_nbody:1352] 
  //>>>>>>>>>>>>>>>>>>>>>>>>>>>>>>>>>>>//
  //          ManyBody Results         //
  //<<<<<<<<<<<<<<<<<<<<<<<<<<<<<<<<<<<//


2022-09-28:00:10:04,160 INFO     [psi4.driver.driver_nbody:387] 
   ==> N-Body: Counterpoise Corrected (CP) energies <==

        n-Body     Total Energy            Interaction Energy                          N-body Contribution to Interaction Energy
                   [Eh]                    [Eh]                  [kcal/mol]            [Eh]                  [kcal/mol]
             1  N/A                         0.000000000000        0.000000000000        0.000000000000        0.000000000000
  FULL/RTN   2  N/A                        -0.005048502797       -3.167983333810       -0.005048502797       -3.167983333810


2022-09-28:00:10:04,254 INFO     [psi4.driver.task_planner:218] PLANNING MB:  mc_level_idx=0 packet={'driver': 'energy', 'method': 'scf', 'basis': 'aug-cc-pvdz', 'keywords': {'SCF__D_CONVERGENCE': 1e-06, 'SCF__E_CONVERGENCE': 1e-06, 'SCF__GUESS': 'SAD', 'INTS_TOLERANCE': 1e-12, 'SCF__INTS_TOLERANCE': 1e-12, 'SCF_TYPE': 'DF', 'function_kwargs': {}}}
2022-09-28:00:10:04,259 INFO     [psi4.driver.driver_nbody:940] 
  //>>>>>>>>>>>>>>>>>>>>>>>>>>>>>>>>>>>>>//
  // ManyBody Setup: N-Body Levels [1, 2]//
  //<<<<<<<<<<<<<<<<<<<<<<<<<<<<<<<<<<<<<//


2022-09-28:00:10:04,263 INFO     [psi4.driver.driver_nbody:506]         Number of 1-body computations:     2
        Number of 2-body computations:     1
2022-09-28:00:10:04,268 INFO     [psi4.driver.driver_nbody:1002] 
  //>>>>>>>>>>>>>>>>>>>>>>>>>>>>>>>>>>>//
  //       ManyBody Computations       //
  //<<<<<<<<<<<<<<<<<<<<<<<<<<<<<<<<<<<//


2022-09-28:00:10:04,290 INFO     [psi4.driver.task_base:154] <<< JSON launch ... c1 8.77235597574934
2022-09-28:00:10:04,319 INFO     [psi4.driver.task_planner:266] PLANNING Atomic:  keywords={'SCF__D_CONVERGENCE': 1e-06, 'SCF__E_CONVERGENCE': 1e-06, 'SCF__GUESS': 'SAD', 'INTS_TOLERANCE': 1e-12, 'SCF__INTS_TOLERANCE': 1e-12, 'SCF_TYPE': 'DF', 'function_kwargs': {}}
2022-09-28:00:10:04,326 INFO     [psi4.driver.driver:499] Compute energy(): method=scf, basis=aug-cc-pvdz, molecule=H4O2, nre=8.77235597574934
2022-09-28:00:10:04,790 INFO     [psi4.driver.driver:502] Return energy(): -76.02982485895276
2022-09-28:00:10:04,802 INFO     [psi4.driver.task_base:154] <<< JSON launch ... c1 8.801420354575152
2022-09-28:00:10:04,831 INFO     [psi4.driver.task_planner:266] PLANNING Atomic:  keywords={'SCF__D_CONVERGENCE': 1e-06, 'SCF__E_CONVERGENCE': 1e-06, 'SCF__GUESS': 'SAD', 'INTS_TOLERANCE': 1e-12, 'SCF__INTS_TOLERANCE': 1e-12, 'SCF_TYPE': 'DF', 'function_kwargs': {}}
2022-09-28:00:10:04,838 INFO     [psi4.driver.driver:499] Compute energy(): method=scf, basis=aug-cc-pvdz, molecule=H4O2, nre=8.801420354575152
2022-09-28:00:10:05,300 INFO     [psi4.driver.driver:502] Return energy(): -76.03571411042131
2022-09-28:00:10:05,324 INFO     [psi4.driver.task_base:154] <<< JSON launch ... c1 32.682565377919495
2022-09-28:00:10:05,353 INFO     [psi4.driver.task_planner:266] PLANNING Atomic:  keywords={'SCF__D_CONVERGENCE': 1e-06, 'SCF__E_CONVERGENCE': 1e-06, 'SCF__GUESS': 'SAD', 'INTS_TOLERANCE': 1e-12, 'SCF__INTS_TOLERANCE': 1e-12, 'SCF_TYPE': 'DF', 'function_kwargs': {}}
2022-09-28:00:10:05,361 INFO     [psi4.driver.driver:499] Compute energy(): method=scf, basis=aug-cc-pvdz, molecule=H4O2, nre=32.682565377919495
2022-09-28:00:10:06,14 INFO     [psi4.driver.driver:502] Return energy(): -152.07051328827336
2022-09-28:00:10:06,29 INFO     [psi4.driver.driver_nbody:1352] 
  //>>>>>>>>>>>>>>>>>>>>>>>>>>>>>>>>>>>//
  //          ManyBody Results         //
  //<<<<<<<<<<<<<<<<<<<<<<<<<<<<<<<<<<<//


2022-09-28:00:10:06,33 INFO     [psi4.driver.driver_nbody:387] 
   ==> N-Body: Counterpoise Corrected (CP) energies <==

        n-Body     Total Energy            Interaction Energy                          N-body Contribution to Interaction Energy
                   [Eh]                    [Eh]                  [kcal/mol]            [Eh]                  [kcal/mol]
             1  N/A                         0.000000000000        0.000000000000        0.000000000000        0.000000000000
  FULL/RTN   2  N/A                        -0.004974318899       -3.121432234893       -0.004974318899       -3.121432234893


2022-09-28:00:10:06,129 INFO     [psi4.driver.task_planner:218] PLANNING MB:  mc_level_idx=0 packet={'driver': 'energy', 'method': 'scf', 'basis': 'aug-cc-pvdz', 'keywords': {'SCF__D_CONVERGENCE': 1e-06, 'SCF__E_CONVERGENCE': 1e-06, 'SCF__GUESS': 'SAD', 'INTS_TOLERANCE': 1e-12, 'SCF__INTS_TOLERANCE': 1e-12, 'SCF_TYPE': 'DF', 'function_kwargs': {}}}
2022-09-28:00:10:06,134 INFO     [psi4.driver.driver_nbody:940] 
  //>>>>>>>>>>>>>>>>>>>>>>>>>>>>>>>>>>>>>//
  // ManyBody Setup: N-Body Levels [1, 2]//
  //<<<<<<<<<<<<<<<<<<<<<<<<<<<<<<<<<<<<<//


2022-09-28:00:10:06,138 INFO     [psi4.driver.driver_nbody:506]         Number of 1-body computations:     2
        Number of 2-body computations:     1
2022-09-28:00:10:06,143 INFO     [psi4.driver.driver_nbody:1002] 
  //>>>>>>>>>>>>>>>>>>>>>>>>>>>>>>>>>>>//
  //       ManyBody Computations       //
  //<<<<<<<<<<<<<<<<<<<<<<<<<<<<<<<<<<<//


2022-09-28:00:10:06,165 INFO     [psi4.driver.task_base:154] <<< JSON launch ... c1 8.77235597574934
2022-09-28:00:10:06,195 INFO     [psi4.driver.task_planner:266] PLANNING Atomic:  keywords={'SCF__D_CONVERGENCE': 1e-06, 'SCF__E_CONVERGENCE': 1e-06, 'SCF__GUESS': 'SAD', 'INTS_TOLERANCE': 1e-12, 'SCF__INTS_TOLERANCE': 1e-12, 'SCF_TYPE': 'DF', 'function_kwargs': {}}
2022-09-28:00:10:06,201 INFO     [psi4.driver.driver:499] Compute energy(): method=scf, basis=aug-cc-pvdz, molecule=H4O2, nre=8.77235597574934
2022-09-28:00:10:06,665 INFO     [psi4.driver.driver:502] Return energy(): -76.02982516828624
2022-09-28:00:10:06,676 INFO     [psi4.driver.task_base:154] <<< JSON launch ... c1 8.801420354575152
2022-09-28:00:10:06,705 INFO     [psi4.driver.task_planner:266] PLANNING Atomic:  keywords={'SCF__D_CONVERGENCE': 1e-06, 'SCF__E_CONVERGENCE': 1e-06, 'SCF__GUESS': 'SAD', 'INTS_TOLERANCE': 1e-12, 'SCF__INTS_TOLERANCE': 1e-12, 'SCF_TYPE': 'DF', 'function_kwargs': {}}
2022-09-28:00:10:06,712 INFO     [psi4.driver.driver:499] Compute energy(): method=scf, basis=aug-cc-pvdz, molecule=H4O2, nre=8.801420354575152
2022-09-28:00:10:07,171 INFO     [psi4.driver.driver:502] Return energy(): -76.03571401605258
2022-09-28:00:10:07,182 INFO     [psi4.driver.task_base:154] <<< JSON launch ... c1 32.68272724297534
2022-09-28:00:10:07,211 INFO     [psi4.driver.task_planner:266] PLANNING Atomic:  keywords={'SCF__D_CONVERGENCE': 1e-06, 'SCF__E_CONVERGENCE': 1e-06, 'SCF__GUESS': 'SAD', 'INTS_TOLERANCE': 1e-12, 'SCF__INTS_TOLERANCE': 1e-12, 'SCF_TYPE': 'DF', 'function_kwargs': {}}
2022-09-28:00:10:07,218 INFO     [psi4.driver.driver:499] Compute energy(): method=scf, basis=aug-cc-pvdz, molecule=H4O2, nre=32.68272724297534
2022-09-28:00:10:07,702 INFO     [psi4.driver.driver:502] Return energy(): -152.07043923996557
2022-09-28:00:10:07,715 INFO     [psi4.driver.driver_nbody:1352] 
  //>>>>>>>>>>>>>>>>>>>>>>>>>>>>>>>>>>>//
  //          ManyBody Results         //
  //<<<<<<<<<<<<<<<<<<<<<<<<<<<<<<<<<<<//


2022-09-28:00:10:07,719 INFO     [psi4.driver.driver_nbody:387] 
   ==> N-Body: Counterpoise Corrected (CP) energies <==

        n-Body     Total Energy            Interaction Energy                          N-body Contribution to Interaction Energy
                   [Eh]                    [Eh]                  [kcal/mol]            [Eh]                  [kcal/mol]
             1  N/A                         0.000000000000        0.000000000000        0.000000000000        0.000000000000
  FULL/RTN   2  N/A                        -0.004900055627       -3.074831327813       -0.004900055627       -3.074831327813


2022-09-28:00:10:07,814 INFO     [psi4.driver.task_planner:218] PLANNING MB:  mc_level_idx=0 packet={'driver': 'energy', 'method': 'scf', 'basis': 'aug-cc-pvdz', 'keywords': {'SCF__D_CONVERGENCE': 1e-06, 'SCF__E_CONVERGENCE': 1e-06, 'SCF__GUESS': 'SAD', 'INTS_TOLERANCE': 1e-12, 'SCF__INTS_TOLERANCE': 1e-12, 'SCF_TYPE': 'DF', 'function_kwargs': {}}}
2022-09-28:00:10:07,819 INFO     [psi4.driver.driver_nbody:940] 
  //>>>>>>>>>>>>>>>>>>>>>>>>>>>>>>>>>>>>>//
  // ManyBody Setup: N-Body Levels [1, 2]//
  //<<<<<<<<<<<<<<<<<<<<<<<<<<<<<<<<<<<<<//


2022-09-28:00:10:07,823 INFO     [psi4.driver.driver_nbody:506]         Number of 1-body computations:     2
        Number of 2-body computations:     1
2022-09-28:00:10:07,828 INFO     [psi4.driver.driver_nbody:1002] 
  //>>>>>>>>>>>>>>>>>>>>>>>>>>>>>>>>>>>//
  //       ManyBody Computations       //
  //<<<<<<<<<<<<<<<<<<<<<<<<<<<<<<<<<<<//


2022-09-28:00:10:07,851 INFO     [psi4.driver.task_base:154] <<< JSON launch ... c1 8.77235597574934
2022-09-28:00:10:07,879 INFO     [psi4.driver.task_planner:266] PLANNING Atomic:  keywords={'SCF__D_CONVERGENCE': 1e-06, 'SCF__E_CONVERGENCE': 1e-06, 'SCF__GUESS': 'SAD', 'INTS_TOLERANCE': 1e-12, 'SCF__INTS_TOLERANCE': 1e-12, 'SCF_TYPE': 'DF', 'function_kwargs': {}}
2022-09-28:00:10:07,886 INFO     [psi4.driver.driver:499] Compute energy(): method=scf, basis=aug-cc-pvdz, molecule=H4O2, nre=8.77235597574934
2022-09-28:00:10:08,345 INFO     [psi4.driver.driver:502] Return energy(): -76.0298256350424
2022-09-28:00:10:08,360 INFO     [psi4.driver.task_base:154] <<< JSON launch ... c1 8.801420354575152
2022-09-28:00:10:08,389 INFO     [psi4.driver.task_planner:266] PLANNING Atomic:  keywords={'SCF__D_CONVERGENCE': 1e-06, 'SCF__E_CONVERGENCE': 1e-06, 'SCF__GUESS': 'SAD', 'INTS_TOLERANCE': 1e-12, 'SCF__INTS_TOLERANCE': 1e-12, 'SCF_TYPE': 'DF', 'function_kwargs': {}}
2022-09-28:00:10:08,396 INFO     [psi4.driver.driver:499] Compute energy(): method=scf, basis=aug-cc-pvdz, molecule=H4O2, nre=8.801420354575152
2022-09-28:00:10:08,863 INFO     [psi4.driver.driver:502] Return energy(): -76.03571398086167
2022-09-28:00:10:08,885 INFO     [psi4.driver.task_base:154] <<< JSON launch ... c1 32.68284600765955
2022-09-28:00:10:08,916 INFO     [psi4.driver.task_planner:266] PLANNING Atomic:  keywords={'SCF__D_CONVERGENCE': 1e-06, 'SCF__E_CONVERGENCE': 1e-06, 'SCF__GUESS': 'SAD', 'INTS_TOLERANCE': 1e-12, 'SCF__INTS_TOLERANCE': 1e-12, 'SCF_TYPE': 'DF', 'function_kwargs': {}}
2022-09-28:00:10:08,923 INFO     [psi4.driver.driver:499] Compute energy(): method=scf, basis=aug-cc-pvdz, molecule=H4O2, nre=32.68284600765955
2022-09-28:00:10:09,408 INFO     [psi4.driver.driver:502] Return energy(): -152.0703852562661
2022-09-28:00:10:09,421 INFO     [psi4.driver.driver_nbody:1352] 
  //>>>>>>>>>>>>>>>>>>>>>>>>>>>>>>>>>>>//
  //          ManyBody Results         //
  //<<<<<<<<<<<<<<<<<<<<<<<<<<<<<<<<<<<//


2022-09-28:00:10:09,425 INFO     [psi4.driver.driver_nbody:387] 
   ==> N-Body: Counterpoise Corrected (CP) energies <==

        n-Body     Total Energy            Interaction Energy                          N-body Contribution to Interaction Energy
                   [Eh]                    [Eh]                  [kcal/mol]            [Eh]                  [kcal/mol]
             1  N/A                         0.000000000000        0.000000000000        0.000000000000        0.000000000000
  FULL/RTN   2  N/A                        -0.004845640362       -3.040685233687       -0.004845640362       -3.040685233687


2022-09-28:00:10:09,522 INFO     [psi4.driver.task_planner:218] PLANNING MB:  mc_level_idx=0 packet={'driver': 'energy', 'method': 'scf', 'basis': 'aug-cc-pvdz', 'keywords': {'SCF__D_CONVERGENCE': 1e-06, 'SCF__E_CONVERGENCE': 1e-06, 'SCF__GUESS': 'SAD', 'INTS_TOLERANCE': 1e-12, 'SCF__INTS_TOLERANCE': 1e-12, 'SCF_TYPE': 'DF', 'function_kwargs': {}}}
2022-09-28:00:10:09,527 INFO     [psi4.driver.driver_nbody:940] 
  //>>>>>>>>>>>>>>>>>>>>>>>>>>>>>>>>>>>>>//
  // ManyBody Setup: N-Body Levels [1, 2]//
  //<<<<<<<<<<<<<<<<<<<<<<<<<<<<<<<<<<<<<//


2022-09-28:00:10:09,531 INFO     [psi4.driver.driver_nbody:506]         Number of 1-body computations:     2
        Number of 2-body computations:     1
2022-09-28:00:10:09,536 INFO     [psi4.driver.driver_nbody:1002] 
  //>>>>>>>>>>>>>>>>>>>>>>>>>>>>>>>>>>>//
  //       ManyBody Computations       //
  //<<<<<<<<<<<<<<<<<<<<<<<<<<<<<<<<<<<//


2022-09-28:00:10:09,559 INFO     [psi4.driver.task_base:154] <<< JSON launch ... cs 8.772355975749342
2022-09-28:00:10:09,587 INFO     [psi4.driver.task_planner:266] PLANNING Atomic:  keywords={'SCF__D_CONVERGENCE': 1e-06, 'SCF__E_CONVERGENCE': 1e-06, 'SCF__GUESS': 'SAD', 'INTS_TOLERANCE': 1e-12, 'SCF__INTS_TOLERANCE': 1e-12, 'SCF_TYPE': 'DF', 'function_kwargs': {}}
2022-09-28:00:10:09,594 INFO     [psi4.driver.driver:499] Compute energy(): method=scf, basis=aug-cc-pvdz, molecule=H4O2, nre=8.772355975749342
2022-09-28:00:10:10,62 INFO     [psi4.driver.driver:502] Return energy(): -76.02982585806305
2022-09-28:00:10:10,74 INFO     [psi4.driver.task_base:154] <<< JSON launch ... cs 8.801420354575152
2022-09-28:00:10:10,103 INFO     [psi4.driver.task_planner:266] PLANNING Atomic:  keywords={'SCF__D_CONVERGENCE': 1e-06, 'SCF__E_CONVERGENCE': 1e-06, 'SCF__GUESS': 'SAD', 'INTS_TOLERANCE': 1e-12, 'SCF__INTS_TOLERANCE': 1e-12, 'SCF_TYPE': 'DF', 'function_kwargs': {}}
2022-09-28:00:10:10,110 INFO     [psi4.driver.driver:499] Compute energy(): method=scf, basis=aug-cc-pvdz, molecule=H4O2, nre=8.801420354575152
2022-09-28:00:10:10,576 INFO     [psi4.driver.driver:502] Return energy(): -76.03571397487629
2022-09-28:00:10:10,587 INFO     [psi4.driver.task_base:154] <<< JSON launch ... cs 32.68288953604219
2022-09-28:00:10:10,616 INFO     [psi4.driver.task_planner:266] PLANNING Atomic:  keywords={'SCF__D_CONVERGENCE': 1e-06, 'SCF__E_CONVERGENCE': 1e-06, 'SCF__GUESS': 'SAD', 'INTS_TOLERANCE': 1e-12, 'SCF__INTS_TOLERANCE': 1e-12, 'SCF_TYPE': 'DF', 'function_kwargs': {}}
2022-09-28:00:10:10,624 INFO     [psi4.driver.driver:499] Compute energy(): method=scf, basis=aug-cc-pvdz, molecule=H4O2, nre=32.68288953604219
2022-09-28:00:10:11,114 INFO     [psi4.driver.driver:502] Return energy(): -152.0703655454842
2022-09-28:00:10:11,127 INFO     [psi4.driver.driver_nbody:1352] 
  //>>>>>>>>>>>>>>>>>>>>>>>>>>>>>>>>>>>//
  //          ManyBody Results         //
  //<<<<<<<<<<<<<<<<<<<<<<<<<<<<<<<<<<<//


2022-09-28:00:10:11,131 INFO     [psi4.driver.driver_nbody:387] 
   ==> N-Body: Counterpoise Corrected (CP) energies <==

        n-Body     Total Energy            Interaction Energy                          N-body Contribution to Interaction Energy
                   [Eh]                    [Eh]                  [kcal/mol]            [Eh]                  [kcal/mol]
             1  N/A                         0.000000000000        0.000000000000        0.000000000000        0.000000000000
  FULL/RTN   2  N/A                        -0.004825712545       -3.028180339625       -0.004825712545       -3.028180339625


