2022-09-27:23:41:09,349 INFO     [psi4.driver.task_planner:266] PLANNING Atomic:  keywords={'GEOM_MAXITER': 100, 'SCF__INTS_TOLERANCE': 1e-12, 'SCF__MAXITER': 500, 'function_kwargs': {}}
2022-09-27:23:41:09,355 INFO     [psi4.driver.driver:499] Compute energy(): method=scf, basis=cc-pvdz, molecule=default, nre=416.91814434615196
2022-09-27:23:41:11,458 INFO     [psi4.driver.driver:502] Return energy(): -434.2111965385406
2022-09-27:23:41:21,972 INFO     [psi4.driver.task_planner:266] PLANNING Atomic:  keywords={'GEOM_MAXITER': 100, 'SCF__INTS_TOLERANCE': 1e-12, 'SCF__MAXITER': 500, 'function_kwargs': {}}
2022-09-27:23:41:21,979 INFO     [psi4.driver.driver:617] Compute gradient(): method=scf, basis=cc-pvdz, molecule=default, nre=204.31959012120103
2022-09-27:23:41:23,602 INFO     [psi4.driver.driver:620] Return gradient(): -230.72192566820388
2022-09-27:23:41:23,602 INFO     [psi4.driver.driver:621] [[ 0.00008794  0.00004563  0.00002916]
 [-0.00022474  0.00027179  0.00010664]
 [ 0.00009422 -0.0003706  -0.00016585]
 [ 0.0001539   0.0000995   0.00006219]
 [-0.00019139  0.0001666   0.00005927]
 [ 0.0000793  -0.0002141  -0.0000923 ]
 [-0.00000309 -0.00000538 -0.00000281]
 [ 0.00000187 -0.00001101 -0.00000495]
 [-0.00000161  0.00000702  0.00000312]
 [-0.00000659  0.00000496  0.00000183]
 [ 0.0000035  -0.00000032  0.00000021]
 [ 0.00000669  0.00000591  0.00000348]]
2022-09-27:23:43:46,827 INFO     [psi4.driver.task_planner:266] PLANNING Atomic:  keywords={'GEOM_MAXITER': 100, 'SCF__INTS_TOLERANCE': 1e-12, 'SCF__MAXITER': 500, 'function_kwargs': {}}
2022-09-27:23:43:46,833 INFO     [psi4.driver.driver:617] Compute gradient(): method=scf, basis=cc-pvdz, molecule=default, nre=416.91814434615196
2022-09-27:23:43:50,707 INFO     [psi4.driver.driver:620] Return gradient(): -434.21119654554775
2022-09-27:23:43:50,708 INFO     [psi4.driver.driver:621] [[-0.00008576 -0.00003109  0.00001754]
 [ 0.00009111 -0.00004243 -0.00000575]
 [ 0.00000311  0.0000733   0.00003295]
 [-0.00007755 -0.00001482 -0.00001308]
 [ 0.00006181 -0.00002812 -0.00000926]
 [-0.00001074  0.00002085  0.00001392]
 [ 0.00015159  0.00005741 -0.00013155]
 [ 0.00000268 -0.00002678  0.00005042]
 [-0.00013315 -0.00001122  0.00004416]
 [-0.00000614  0.00001153  0.00000549]
 [-0.00001985 -0.00001298 -0.0000089 ]
 [ 0.00000744  0.00000229  0.00000157]
 [ 0.00001182  0.00000551  0.00000308]
 [ 0.00000364 -0.00000344 -0.00000059]]
2022-09-27:23:43:50,749 INFO     [psi4.driver.task_planner:266] PLANNING Atomic:  keywords={'CART_HESS_READ': 0, 'GEOM_MAXITER': 100, 'SCF__GUESS': 'READ', 'SCF__INTS_TOLERANCE': 1e-12, 'SCF__MAXITER': 500, 'function_kwargs': {}}
2022-09-27:23:43:50,751 INFO     [psi4.driver.driver:617] Compute gradient(): method=scf, basis=cc-pvdz, molecule=default, nre=416.9127018143132
2022-09-27:23:43:54,71 INFO     [psi4.driver.driver:620] Return gradient(): -434.21110711053535
2022-09-27:23:43:54,75 INFO     [psi4.driver.driver:621] [[ 0.00009827  0.00072992 -0.00154542]
 [ 0.00006038  0.00006614 -0.00018607]
 [-0.00000313 -0.00000031  0.00009147]
 [-0.00002956 -0.00000992 -0.00002672]
 [ 0.00001935 -0.00005374  0.00006832]
 [ 0.00002368  0.00012607 -0.00016118]
 [-0.00049411 -0.00317263  0.00631733]
 [ 0.00026766  0.00121918 -0.00223599]
 [ 0.00006246  0.00110157 -0.00231271]
 [-0.00000459  0.00000448 -0.00001485]
 [ 0.00000219 -0.00001185  0.00001095]
 [ 0.00000406  0.00000051 -0.0000045 ]
 [-0.00000272 -0.00000774  0.00001239]
 [-0.00000394  0.00000831 -0.00001303]]
2022-09-27:23:43:54,108 INFO     [psi4.driver.task_planner:266] PLANNING Atomic:  keywords={'CART_HESS_READ': 0, 'GEOM_MAXITER': 100, 'SCF__GUESS': 'READ', 'SCF__INTS_TOLERANCE': 1e-12, 'SCF__MAXITER': 500, 'function_kwargs': {}}
2022-09-27:23:43:54,110 INFO     [psi4.driver.driver:617] Compute gradient(): method=scf, basis=cc-pvdz, molecule=default, nre=416.907659733298
2022-09-27:23:43:57,417 INFO     [psi4.driver.driver:620] Return gradient(): -434.2111965534555
2022-09-27:23:43:57,418 INFO     [psi4.driver.driver:621] [[-0.00003048 -0.00003733 -0.00002193]
 [ 0.0000396  -0.00001981 -0.00000604]
 [ 0.0000024   0.00003263  0.00001618]
 [-0.00002961 -0.00001714 -0.00001324]
 [ 0.00002857 -0.0000178  -0.00000486]
 [ 0.00000708  0.00004081  0.00001935]
 [ 0.00017768 -0.00020668 -0.00007082]
 [ 0.00006381  0.00020579  0.00010054]
 [-0.00025503  0.00003021 -0.00001472]
 [-0.00000545 -0.00000306 -0.00000218]
 [ 0.00000369 -0.0000054  -0.00000178]
 [ 0.00000351 -0.0000017   0.00000019]
 [-0.0000017  -0.00000158 -0.00000059]
 [-0.00000405  0.00000107 -0.00000011]]
ver:502] Return energy(): -434.2111965385406
2022-09-27:23:41:21,972 INFO     [psi4.driver.task_planner:266] PLANNING Atomic:  keywords={'GEOM_MAXITER': 100, 'SCF__INTS_TOLERANCE': 1e-12, 'SCF__MAXITER': 500, 'function_kwargs': {}}
2022-09-27:23:41:21,979 INFO     [psi4.driver.driver:617] Compute gradient(): method=scf, basis=cc-pvdz, molecule=default, nre=204.31959012120103
2022-09-27:23:41:23,602 INFO     [psi4.driver.driver:620] Return gradient(): -230.72192566820388
2022-09-27:23:41:23,602 INFO     [psi4.driver.driver:621] [[ 0.00008794  0.00004563  0.00002916]
 [-0.00022474  0.00027179  0.00010664]
 [ 0.00009422 -0.0003706  -0.00016585]
 [ 0.0001539   0.0000995   0.00006219]
 [-0.00019139  0.0001666   0.00005927]
 [ 0.0000793  -0.0002141  -0.0000923 ]
 [-0.00000309 -0.00000538 -0.00000281]
 [ 0.00000187 -0.00001101 -0.00000495]
 [-0.00000161  0.00000702  0.00000312]
 [-0.00000659  0.00000496  0.00000183]
 [ 0.0000035  -0.00000032  0.00000021]
 [ 0.00000669  0.00000591  0.00000348]]
2022-09-27:23:43:46,827 INFO     [psi4.driver.task_planner:266] PLANNING Atomic:  keywords={'GEOM_MAXITER': 100, 'SCF__INTS_TOLERANCE': 1e-12, 'SCF__MAXITER': 500, 'function_kwargs': {}}
2022-09-27:23:43:46,833 INFO     [psi4.driver.driver:617] Compute gradient(): method=scf, basis=cc-pvdz, molecule=default, nre=416.91814434615196
2022-09-27:23:43:50,707 INFO     [psi4.driver.driver:620] Return gradient(): -434.21119654554775
2022-09-27:23:43:50,708 INFO     [psi4.driver.driver:621] [[-0.00008576 -0.00003109  0.00001754]
 [ 0.00009111 -0.00004243 -0.00000575]
 [ 0.00000311  0.0000733   0.00003295]
 [-0.00007755 -0.00001482 -0.00001308]
 [ 0.00006181 -0.00002812 -0.00000926]
 [-0.00001074  0.00002085  0.00001392]
 [ 0.00015159  0.00005741 -0.00013155]
 [ 0.00000268 -0.00002678  0.00005042]
 [-0.00013315 -0.00001122  0.00004416]
 [-0.00000614  0.00001153  0.00000549]
 [-0.00001985 -0.00001298 -0.0000089 ]
 [ 0.00000744  0.00000229  0.00000157]
 [ 0.00001182  0.00000551  0.00000308]
 [ 0.00000364 -0.00000344 -0.00000059]]
2022-09-27:23:43:50,749 INFO     [psi4.driver.task_planner:266] PLANNING Atomic:  keywords={'CART_HESS_READ': 0, 'GEOM_MAXITER': 100, 'SCF__GUESS': 'READ', 'SCF__INTS_TOLERANCE': 1e-12, 'SCF__MAXITER': 500, 'function_kwargs': {}}
2022-09-27:23:43:50,751 INFO     [psi4.driver.driver:617] Compute gradient(): method=scf, basis=cc-pvdz, molecule=default, nre=416.9127018143132
2022-09-27:23:43:54,71 INFO     [psi4.driver.driver:620] Return gradient(): -434.21110711053535
2022-09-27:23:43:54,75 INFO     [psi4.driver.driver:621] [[ 0.00009827  0.00072992 -0.00154542]
 [ 0.00006038  0.00006614 -0.00018607]
 [-0.00000313 -0.00000031  0.00009147]
 [-0.00002956 -0.00000992 -0.00002672]
 [ 0.00001935 -0.00005374  0.00006832]
 [ 0.00002368  0.00012607 -0.00016118]
 [-0.00049411 -0.00317263  0.00631733]
 [ 0.00026766  0.00121918 -0.00223599]
 [ 0.00006246  0.00110157 -0.00231271]
 [-0.00000459  0.00000448 -0.00001485]
 [ 0.00000219 -0.00001185  0.00001095]
 [ 0.00000406  0.00000051 -0.0000045 ]
 [-0.00000272 -0.00000774  0.00001239]
 [-0.00000394  0.00000831 -0.00001303]]
2022-09-27:23:43:54,108 INFO     [psi4.driver.task_planner:266] PLANNING Atomic:  keywords={'CART_HESS_READ': 0, 'GEOM_MAXITER': 100, 'SCF__GUESS': 'READ', 'SCF__INTS_TOLERANCE': 1e-12, 'SCF__MAXITER': 500, 'function_kwargs': {}}
2022-09-27:23:43:54,110 INFO     [psi4.driver.driver:617] Compute gradient(): method=scf, basis=cc-pvdz, molecule=default, nre=416.907659733298
2022-09-27:23:43:57,417 INFO     [psi4.driver.driver:620] Return gradient(): -434.2111965534555
2022-09-27:23:43:57,418 INFO     [psi4.driver.driver:621] [[-0.00003048 -0.00003733 -0.00002193]
 [ 0.0000396  -0.00001981 -0.00000604]
 [ 0.0000024   0.00003263  0.00001618]
 [-0.00002961 -0.00001714 -0.00001324]
 [ 0.00002857 -0.0000178  -0.00000486]
 [ 0.00000708  0.00004081  0.00001935]
 [ 0.00017768 -0.00020668 -0.00007082]
 [ 0.00006381  0.00020579  0.00010054]
 [-0.00025503  0.00003021 -0.00001472]
 [-0.00000545 -0.00000306 -0.00000218]
 [ 0.00000369 -0.0000054  -0.00000178]
 [ 0.00000351 -0.0000017   0.00000019]
 [-0.0000017  -0.00000158 -0.00000059]
 [-0.00000405  0.00000107 -0.00000011]]
